TN:
SF:/usr/include/c++/9/iostream
end_of_record
SF:/mnt/c/Users/c.bouchet/Documents/Davey/Example_GoogleTest/Project/src/ExampleGoogleTest.cpp
FN:6,_Z7mutiplyii
FNDA:1,_Z7mutiplyii
FN:9,_Z7dividedii
FNDA:3,_Z7dividedii
FN:13,_ZN7Voiture13getVitesseMaxEv
FNDA:3,_ZN7Voiture13getVitesseMaxEv
FN:17,_ZN7Voiture13setVitesseMaxEi
FNDA:3,_ZN7Voiture13setVitesseMaxEi
DA:6,1
DA:7,1
DA:9,3
DA:10,3
DA:13,3
DA:14,3
DA:17,3
DA:18,3
DA:19,1
DA:21,2
DA:23,2
end_of_record
TN:
SF:/mnt/c/Users/c.bouchet/Documents/Davey/Example_GoogleTest/googletest-main/googletest/include/gtest/gtest-printers.h
FN:213,_ZN7testing8internal52internal_stream_operator_without_lexical_name_lookup13StreamPrinter10PrintValueIdvRSoEEvRKT_PSo
FNDA:0,_ZN7testing8internal52internal_stream_operator_without_lexical_name_lookup13StreamPrinter10PrintValueIdvRSoEEvRKT_PSo
FN:213,_ZN7testing8internal52internal_stream_operator_without_lexical_name_lookup13StreamPrinter10PrintValueIivRSoEEvRKT_PSo
FNDA:0,_ZN7testing8internal52internal_stream_operator_without_lexical_name_lookup13StreamPrinter10PrintValueIivRSoEEvRKT_PSo
FN:305,_ZN7testing8internal17PrintWithFallbackIiEEvRKT_PSo
FNDA:0,_ZN7testing8internal17PrintWithFallbackIiEEvRKT_PSo
FN:305,_ZN7testing8internal17PrintWithFallbackIdEEvRKT_PSo
FNDA:0,_ZN7testing8internal17PrintWithFallbackIdEEvRKT_PSo
FN:332,_ZN7testing8internal19FormatForComparisonIdiE6FormatB5cxx11ERKd
FNDA:0,_ZN7testing8internal19FormatForComparisonIdiE6FormatB5cxx11ERKd
FN:332,_ZN7testing8internal19FormatForComparisonIidE6FormatB5cxx11ERKi
FNDA:0,_ZN7testing8internal19FormatForComparisonIidE6FormatB5cxx11ERKi
FN:332,_ZN7testing8internal19FormatForComparisonIiiE6FormatB5cxx11ERKi
FNDA:0,_ZN7testing8internal19FormatForComparisonIiiE6FormatB5cxx11ERKi
FN:412,_ZN7testing8internal33FormatForComparisonFailureMessageIdiEENSt7__cxx1112basic_stringIcSt11char_traitsIcESaIcEEERKT_RKT0_
FNDA:0,_ZN7testing8internal33FormatForComparisonFailureMessageIdiEENSt7__cxx1112basic_stringIcSt11char_traitsIcESaIcEEERKT_RKT0_
FN:412,_ZN7testing8internal33FormatForComparisonFailureMessageIidEENSt7__cxx1112basic_stringIcSt11char_traitsIcESaIcEEERKT_RKT0_
FNDA:0,_ZN7testing8internal33FormatForComparisonFailureMessageIidEENSt7__cxx1112basic_stringIcSt11char_traitsIcESaIcEEERKT_RKT0_
FN:412,_ZN7testing8internal33FormatForComparisonFailureMessageIiiEENSt7__cxx1112basic_stringIcSt11char_traitsIcESaIcEEERKT_RKT0_
FNDA:0,_ZN7testing8internal33FormatForComparisonFailureMessageIiiEENSt7__cxx1112basic_stringIcSt11char_traitsIcESaIcEEERKT_RKT0_
FN:439,_ZN7testing8internal7PrintToIdEEvRKT_PSo
FNDA:0,_ZN7testing8internal7PrintToIdEEvRKT_PSo
FN:439,_ZN7testing8internal7PrintToIiEEvRKT_PSo
FNDA:0,_ZN7testing8internal7PrintToIiEEvRKT_PSo
FN:693,_ZN7testing8internal16UniversalPrinterIdE5PrintERKdPSo
FNDA:0,_ZN7testing8internal16UniversalPrinterIdE5PrintERKdPSo
FN:693,_ZN7testing8internal16UniversalPrinterIiE5PrintERKiPSo
FNDA:0,_ZN7testing8internal16UniversalPrinterIiE5PrintERKiPSo
FN:883,_ZN7testing8internal21UniversalTersePrinterIiE5PrintERKiPSo
FNDA:0,_ZN7testing8internal21UniversalTersePrinterIiE5PrintERKiPSo
FN:883,_ZN7testing8internal21UniversalTersePrinterIdE5PrintERKdPSo
FNDA:0,_ZN7testing8internal21UniversalTersePrinterIdE5PrintERKdPSo
FN:995,_ZN7testing8internal14UniversalPrintIdEEvRKT_PSo
FNDA:0,_ZN7testing8internal14UniversalPrintIdEEvRKT_PSo
FN:995,_ZN7testing8internal14UniversalPrintIiEEvRKT_PSo
FNDA:0,_ZN7testing8internal14UniversalPrintIiEEvRKT_PSo
FN:1035,_ZN7testing13PrintToStringIiEENSt7__cxx1112basic_stringIcSt11char_traitsIcESaIcEEERKT_
FNDA:0,_ZN7testing13PrintToStringIiEENSt7__cxx1112basic_stringIcSt11char_traitsIcESaIcEEERKT_
FN:1035,_ZN7testing13PrintToStringIdEENSt7__cxx1112basic_stringIcSt11char_traitsIcESaIcEEERKT_
FNDA:0,_ZN7testing13PrintToStringIdEENSt7__cxx1112basic_stringIcSt11char_traitsIcESaIcEEERKT_
DA:213,0
DA:216,0
DA:217,0
DA:213,0
DA:216,0
DA:217,0
DA:305,0
DA:311,0
DA:312,0
DA:305,0
DA:311,0
DA:312,0
DA:332,0
DA:333,0
DA:332,0
DA:333,0
DA:332,0
DA:333,0
DA:412,0
DA:414,0
DA:412,0
DA:414,0
DA:412,0
DA:414,0
DA:439,0
DA:440,0
DA:441,0
DA:439,0
DA:440,0
DA:441,0
DA:693,0
DA:702,0
DA:703,0
DA:693,0
DA:702,0
DA:703,0
DA:883,0
DA:884,0
DA:885,0
DA:883,0
DA:884,0
DA:885,0
DA:995,0
DA:999,0
DA:1000,0
DA:995,0
DA:999,0
DA:1000,0
DA:1035,0
DA:1036,0
DA:1037,0
DA:1038,0
DA:1035,0
DA:1036,0
DA:1037,0
DA:1038,0
end_of_record
SF:/usr/include/c++/9/bits/stl_iterator_base_funcs.h
FN:98,_ZSt10__distanceIPcENSt15iterator_traitsIT_E15difference_typeES2_S2_St26random_access_iterator_tag
FNDA:0,_ZSt10__distanceIPcENSt15iterator_traitsIT_E15difference_typeES2_S2_St26random_access_iterator_tag
FN:98,_ZSt10__distanceIPKcENSt15iterator_traitsIT_E15difference_typeES3_S3_St26random_access_iterator_tag
FNDA:0,_ZSt10__distanceIPKcENSt15iterator_traitsIT_E15difference_typeES3_S3_St26random_access_iterator_tag
FN:138,_ZSt8distanceIPcENSt15iterator_traitsIT_E15difference_typeES2_S2_
FNDA:0,_ZSt8distanceIPcENSt15iterator_traitsIT_E15difference_typeES2_S2_
FN:138,_ZSt8distanceIPKcENSt15iterator_traitsIT_E15difference_typeES3_S3_
FNDA:0,_ZSt8distanceIPKcENSt15iterator_traitsIT_E15difference_typeES3_S3_
DA:98,0
DA:104,0
DA:98,0
DA:104,0
DA:138,0
DA:141,0
DA:142,0
DA:138,0
DA:141,0
DA:142,0
end_of_record
SF:/usr/include/c++/9/ext/new_allocator.h
FN:80,_ZN9__gnu_cxx13new_allocatorIcEC2Ev
FNDA:0,_ZN9__gnu_cxx13new_allocatorIcEC2Ev
FN:83,_ZN9__gnu_cxx13new_allocatorIcEC2ERKS1_
FNDA:0,_ZN9__gnu_cxx13new_allocatorIcEC2ERKS1_
FN:89,_ZN9__gnu_cxx13new_allocatorIcED2Ev
FNDA:0,_ZN9__gnu_cxx13new_allocatorIcED2Ev
DA:80,0
DA:83,0
DA:89,0
end_of_record
SF:/usr/include/c++/9/bits/unique_ptr.h
FN:75,_ZNKSt14default_deleteINSt7__cxx1112basic_stringIcSt11char_traitsIcESaIcEEEEclEPS5_
FNDA:0,_ZNKSt14default_deleteINSt7__cxx1112basic_stringIcSt11char_traitsIcESaIcEEEEclEPS5_
FN:75,_ZNKSt14default_deleteINSt7__cxx1118basic_stringstreamIcSt11char_traitsIcESaIcEEEEclEPS5_
FNDA:59,_ZNKSt14default_deleteINSt7__cxx1118basic_stringstreamIcSt11char_traitsIcESaIcEEEEclEPS5_
FN:153,_ZNSt15__uniq_ptr_implINSt7__cxx1112basic_stringIcSt11char_traitsIcESaIcEEESt14default_deleteIS5_EE6_M_ptrEv
FNDA:3,_ZNSt15__uniq_ptr_implINSt7__cxx1112basic_stringIcSt11char_traitsIcESaIcEEESt14default_deleteIS5_EE6_M_ptrEv
FN:153,_ZNSt15__uniq_ptr_implINSt7__cxx1118basic_stringstreamIcSt11char_traitsIcESaIcEEESt14default_deleteIS5_EE6_M_ptrEv
FNDA:118,_ZNSt15__uniq_ptr_implINSt7__cxx1118basic_stringstreamIcSt11char_traitsIcESaIcEEESt14default_deleteIS5_EE6_M_ptrEv
FN:154,_ZNKSt15__uniq_ptr_implINSt7__cxx1112basic_stringIcSt11char_traitsIcESaIcEEESt14default_deleteIS5_EE6_M_ptrEv
FNDA:0,_ZNKSt15__uniq_ptr_implINSt7__cxx1112basic_stringIcSt11char_traitsIcESaIcEEESt14default_deleteIS5_EE6_M_ptrEv
FN:155,_ZNSt15__uniq_ptr_implINSt7__cxx1112basic_stringIcSt11char_traitsIcESaIcEEESt14default_deleteIS5_EE10_M_deleterEv
FNDA:0,_ZNSt15__uniq_ptr_implINSt7__cxx1112basic_stringIcSt11char_traitsIcESaIcEEESt14default_deleteIS5_EE10_M_deleterEv
FN:155,_ZNSt15__uniq_ptr_implINSt7__cxx1118basic_stringstreamIcSt11char_traitsIcESaIcEEESt14default_deleteIS5_EE10_M_deleterEv
FNDA:59,_ZNSt15__uniq_ptr_implINSt7__cxx1118basic_stringstreamIcSt11char_traitsIcESaIcEEESt14default_deleteIS5_EE10_M_deleterEv
FN:286,_ZNSt10unique_ptrINSt7__cxx1112basic_stringIcSt11char_traitsIcESaIcEEESt14default_deleteIS5_EED2Ev
FNDA:3,_ZNSt10unique_ptrINSt7__cxx1112basic_stringIcSt11char_traitsIcESaIcEEESt14default_deleteIS5_EED2Ev
FN:286,_ZNSt10unique_ptrINSt7__cxx1118basic_stringstreamIcSt11char_traitsIcESaIcEEESt14default_deleteIS5_EED2Ev
FNDA:59,_ZNSt10unique_ptrINSt7__cxx1118basic_stringstreamIcSt11char_traitsIcESaIcEEESt14default_deleteIS5_EED2Ev
FN:352,_ZNKSt10unique_ptrINSt7__cxx1112basic_stringIcSt11char_traitsIcESaIcEEESt14default_deleteIS5_EEptEv
FNDA:0,_ZNKSt10unique_ptrINSt7__cxx1112basic_stringIcSt11char_traitsIcESaIcEEESt14default_deleteIS5_EEptEv
FN:360,_ZNKSt10unique_ptrINSt7__cxx1112basic_stringIcSt11char_traitsIcESaIcEEESt14default_deleteIS5_EE3getEv
FNDA:0,_ZNKSt10unique_ptrINSt7__cxx1112basic_stringIcSt11char_traitsIcESaIcEEESt14default_deleteIS5_EE3getEv
FN:365,_ZNSt10unique_ptrINSt7__cxx1112basic_stringIcSt11char_traitsIcESaIcEEESt14default_deleteIS5_EE11get_deleterEv
FNDA:0,_ZNSt10unique_ptrINSt7__cxx1112basic_stringIcSt11char_traitsIcESaIcEEESt14default_deleteIS5_EE11get_deleterEv
FN:365,_ZNSt10unique_ptrINSt7__cxx1118basic_stringstreamIcSt11char_traitsIcESaIcEEESt14default_deleteIS5_EE11get_deleterEv
FNDA:59,_ZNSt10unique_ptrINSt7__cxx1118basic_stringstreamIcSt11char_traitsIcESaIcEEESt14default_deleteIS5_EE11get_deleterEv
DA:75,0
DA:81,0
DA:82,0
DA:75,59
DA:81,59
DA:82,59
DA:153,3
DA:153,118
DA:154,0
DA:155,0
DA:155,59
DA:286,3
DA:290,3
DA:291,3
DA:292,0
DA:293,3
DA:294,3
DA:286,59
DA:290,59
DA:291,59
DA:292,59
DA:293,59
DA:294,59
DA:352,0
DA:355,0
DA:360,0
DA:361,0
DA:365,0
DA:366,0
DA:365,59
DA:366,59
end_of_record
SF:/mnt/c/Users/c.bouchet/Documents/Davey/Example_GoogleTest/googletest-main/googletest/include/gtest/internal/gtest-port.h
FN:970,_ZN7testing8internal8GTestLog9GetStreamEv
FNDA:0,_ZN7testing8internal8GTestLog9GetStreamEv
DA:970,0
end_of_record
SF:/mnt/c/Users/c.bouchet/Documents/Davey/Example_GoogleTest/googletest-main/googletest/include/gtest/gtest.h
FN:255,_ZN7testing4Test14SetUpTestSuiteEv
FNDA:0,_ZN7testing4Test14SetUpTestSuiteEv
FN:263,_ZN7testing4Test17TearDownTestSuiteEv
FNDA:0,_ZN7testing4Test17TearDownTestSuiteEv
FN:268,_ZN7testing4Test16TearDownTestCaseEv
FNDA:0,_ZN7testing4Test16TearDownTestCaseEv
FN:269,_ZN7testing4Test13SetUpTestCaseEv
FNDA:0,_ZN7testing4Test13SetUpTestCaseEv
FN:350,_ZN7testing4Test5SetupEv
FNDA:0,_ZN7testing4Test5SetupEv
FN:1349,_ZN7testing8internal18CmpHelperEQFailureIiiEENS_15AssertionResultEPKcS4_RKT_RKT0_
FNDA:0,_ZN7testing8internal18CmpHelperEQFailureIiiEENS_15AssertionResultEPKcS4_RKT_RKT0_
FN:1349,_ZN7testing8internal18CmpHelperEQFailureIdiEENS_15AssertionResultEPKcS4_RKT_RKT0_
FNDA:0,_ZN7testing8internal18CmpHelperEQFailureIdiEENS_15AssertionResultEPKcS4_RKT_RKT0_
FN:1366,_ZN7testing8internal11CmpHelperEQIiiEENS_15AssertionResultEPKcS4_RKT_RKT0_
FNDA:2,_ZN7testing8internal11CmpHelperEQIiiEENS_15AssertionResultEPKcS4_RKT_RKT0_
FN:1366,_ZN7testing8internal11CmpHelperEQIdiEENS_15AssertionResultEPKcS4_RKT_RKT0_
FNDA:1,_ZN7testing8internal11CmpHelperEQIdiEENS_15AssertionResultEPKcS4_RKT_RKT0_
FN:1385,_ZN7testing8internal8EqHelper7CompareIiiLPv0EEENS_15AssertionResultEPKcS6_RKT_RKT0_
FNDA:2,_ZN7testing8internal8EqHelper7CompareIiiLPv0EEENS_15AssertionResultEPKcS6_RKT_RKT0_
FN:1385,_ZN7testing8internal8EqHelper7CompareIdiLPv0EEENS_15AssertionResultEPKcS6_RKT_RKT0_
FNDA:1,_ZN7testing8internal8EqHelper7CompareIdiLPv0EEENS_15AssertionResultEPKcS6_RKT_RKT0_
DA:255,0
DA:263,0
DA:268,0
DA:269,0
DA:350,0
DA:1349,0
DA:1354,0
DA:1349,0
DA:1354,0
DA:1366,2
DA:1369,2
DA:1370,2
DA:1373,0
DA:1366,1
DA:1369,1
DA:1370,1
DA:1373,0
DA:1385,2
DA:1388,2
DA:1385,1
DA:1388,1
end_of_record
SF:/usr/include/c++/9/iostream
end_of_record
SF:/usr/include/c++/9/ext/alloc_traits.h
FN:97,_ZN9__gnu_cxx14__alloc_traitsISaIcEcE17_S_select_on_copyERKS1_
FNDA:0,_ZN9__gnu_cxx14__alloc_traitsISaIcEcE17_S_select_on_copyERKS1_
DA:97,0
DA:98,0
end_of_record
SF:/usr/include/c++/9/bits/char_traits.h
FN:336,_ZNSt11char_traitsIcE6lengthEPKc
FNDA:0,_ZNSt11char_traitsIcE6lengthEPKc
DA:336,0
DA:342,0
end_of_record
SF:/usr/include/c++/9/bits/alloc_traits.h
FN:513,_ZNSt16allocator_traitsISaIcEE37select_on_container_copy_constructionERKS0_
FNDA:0,_ZNSt16allocator_traitsISaIcEE37select_on_container_copy_constructionERKS0_
DA:513,0
DA:514,0
end_of_record
SF:/mnt/c/Users/c.bouchet/Documents/Davey/Example_GoogleTest/googletest-main/googletest/include/gtest/internal/gtest-internal.h
FN:451,_ZN7testing8internal15TestFactoryBaseD0Ev
FNDA:0,_ZN7testing8internal15TestFactoryBaseD0Ev
FN:451,_ZN7testing8internal15TestFactoryBaseD2Ev
FNDA:4,_ZN7testing8internal15TestFactoryBaseD2Ev
FN:458,_ZN7testing8internal15TestFactoryBaseC2Ev
FNDA:4,_ZN7testing8internal15TestFactoryBaseC2Ev
FN:470,_ZN7testing8internal15TestFactoryImplI30Math_DivisionNombreEntier_TestE10CreateTestEv
FNDA:1,_ZN7testing8internal15TestFactoryImplI30Math_DivisionNombreEntier_TestE10CreateTestEv
FN:470,_ZN7testing8internal15TestFactoryImplI23Math_Muliplication_TestE10CreateTestEv
FNDA:1,_ZN7testing8internal15TestFactoryImplI23Math_Muliplication_TestE10CreateTestEv
FN:470,_ZN7testing8internal15TestFactoryImplI26Voiture_getVitesseMax_TestE10CreateTestEv
FNDA:1,_ZN7testing8internal15TestFactoryImplI26Voiture_getVitesseMax_TestE10CreateTestEv
FN:470,_ZN7testing8internal15TestFactoryImplI36Voiture_setVitesseMax_Exception_TestE10CreateTestEv
FNDA:1,_ZN7testing8internal15TestFactoryImplI36Voiture_setVitesseMax_Exception_TestE10CreateTestEv
FN:491,_ZN7testing8internal12CodeLocationC2ERKNSt7__cxx1112basic_stringIcSt11char_traitsIcESaIcEEEi
FNDA:4,_ZN7testing8internal12CodeLocationC2ERKNSt7__cxx1112basic_stringIcSt11char_traitsIcESaIcEEEi
FN:504,_ZN7testing8internal19GetNotDefaultOrNullEPFvvES2_
FNDA:16,_ZN7testing8internal19GetNotDefaultOrNullEPFvvES2_
FN:519,_ZN7testing8internal16SuiteApiResolverINS_4TestEE19GetSetUpCaseOrSuiteEPKci
FNDA:4,_ZN7testing8internal16SuiteApiResolverINS_4TestEE19GetSetUpCaseOrSuiteEPKci
FN:540,_ZN7testing8internal16SuiteApiResolverINS_4TestEE22GetTearDownCaseOrSuiteEPKci
FNDA:4,_ZN7testing8internal16SuiteApiResolverINS_4TestEE22GetTearDownCaseOrSuiteEPKci
DA:451,0
DA:451,4
DA:458,4
DA:470,1
DA:470,1
DA:470,1
DA:470,1
DA:491,4
DA:492,4
DA:504,16
DA:506,16
DA:519,4
DA:523,4
DA:525,4
DA:527,4
DA:530,0
DA:532,4
DA:540,4
DA:544,4
DA:546,4
DA:548,4
DA:551,0
DA:553,4
end_of_record
SF:/usr/include/c++/9/ext/type_traits.h
FN:152,_ZN9__gnu_cxx17__is_null_pointerIcEEbPT_
FNDA:0,_ZN9__gnu_cxx17__is_null_pointerIcEEbPT_
FN:152,_ZN9__gnu_cxx17__is_null_pointerIKcEEbPT_
FNDA:0,_ZN9__gnu_cxx17__is_null_pointerIKcEEbPT_
DA:152,0
DA:153,0
DA:152,0
DA:153,0
end_of_record
SF:/usr/include/c++/9/bits/move.h
FN:99,_ZSt4moveIRPNSt7__cxx1112basic_stringIcSt11char_traitsIcESaIcEEEEONSt16remove_referenceIT_E4typeEOS9_
FNDA:0,_ZSt4moveIRPNSt7__cxx1112basic_stringIcSt11char_traitsIcESaIcEEEEONSt16remove_referenceIT_E4typeEOS9_
FN:99,_ZSt4moveIRPNSt7__cxx1118basic_stringstreamIcSt11char_traitsIcESaIcEEEEONSt16remove_referenceIT_E4typeEOS9_
FNDA:59,_ZSt4moveIRPNSt7__cxx1118basic_stringstreamIcSt11char_traitsIcESaIcEEEEONSt16remove_referenceIT_E4typeEOS9_
FN:99,_ZSt4moveIRSaIcEEONSt16remove_referenceIT_E4typeEOS3_
FNDA:0,_ZSt4moveIRSaIcEEONSt16remove_referenceIT_E4typeEOS3_
DA:99,0
DA:100,0
DA:99,59
DA:100,59
DA:99,0
DA:100,0
end_of_record
SF:/mnt/c/Users/c.bouchet/Documents/Davey/Example_GoogleTest/test/Tester.cpp
FN:13,_ZN30Math_DivisionNombreEntier_TestC2Ev
FNDA:1,_ZN30Math_DivisionNombreEntier_TestC2Ev
FN:13,_ZN30Math_DivisionNombreEntier_TestD0Ev
FNDA:1,_ZN30Math_DivisionNombreEntier_TestD0Ev
FN:13,_ZN30Math_DivisionNombreEntier_TestD2Ev
FNDA:1,_ZN30Math_DivisionNombreEntier_TestD2Ev
FN:13,_ZN30Math_DivisionNombreEntier_Test8TestBodyEv
FNDA:1,_ZN30Math_DivisionNombreEntier_Test8TestBodyEv
FN:18,_ZN23Math_Muliplication_TestC2Ev
FNDA:1,_ZN23Math_Muliplication_TestC2Ev
FN:18,_ZN23Math_Muliplication_TestD0Ev
FNDA:1,_ZN23Math_Muliplication_TestD0Ev
FN:18,_ZN23Math_Muliplication_TestD2Ev
FNDA:1,_ZN23Math_Muliplication_TestD2Ev
FN:18,_ZN23Math_Muliplication_Test8TestBodyEv
FNDA:1,_ZN23Math_Muliplication_Test8TestBodyEv
FN:25,_ZN26Voiture_getVitesseMax_TestC2Ev
FNDA:1,_ZN26Voiture_getVitesseMax_TestC2Ev
FN:25,_ZN26Voiture_getVitesseMax_TestD0Ev
FNDA:1,_ZN26Voiture_getVitesseMax_TestD0Ev
FN:25,_ZN26Voiture_getVitesseMax_TestD2Ev
FNDA:1,_ZN26Voiture_getVitesseMax_TestD2Ev
FN:25,_ZN26Voiture_getVitesseMax_Test8TestBodyEv
FNDA:1,_ZN26Voiture_getVitesseMax_Test8TestBodyEv
FN:47,_ZN36Voiture_setVitesseMax_Exception_TestC2Ev
FNDA:1,_ZN36Voiture_setVitesseMax_Exception_TestC2Ev
FN:47,_ZN36Voiture_setVitesseMax_Exception_TestD0Ev
FNDA:1,_ZN36Voiture_setVitesseMax_Exception_TestD0Ev
FN:47,_ZN36Voiture_setVitesseMax_Exception_TestD2Ev
FNDA:1,_ZN36Voiture_setVitesseMax_Exception_TestD2Ev
FN:47,_ZN36Voiture_setVitesseMax_Exception_Test8TestBodyEv
FNDA:1,_ZN36Voiture_setVitesseMax_Exception_Test8TestBodyEv
DA:13,1
DA:13,1
DA:13,1
DA:13,1
DA:14,1
DA:15,1
DA:16,1
DA:17,1
DA:18,1
DA:18,1
DA:18,1
DA:18,1
DA:19,1
DA:20,1
DA:21,1
DA:22,1
DA:25,1
DA:25,1
DA:25,1
DA:25,1
DA:27,1
DA:28,1
DA:47,1
DA:47,1
DA:47,1
DA:47,1
DA:49,1
DA:50,1
DA:51,1
end_of_record
SF:/mnt/c/Users/c.bouchet/Documents/Davey/Example_GoogleTest/googletest-main/googletest/include/gtest/gtest-message.h
end_of_record
SF:/usr/include/c++/9/bits/basic_string.tcc
FN:206,_ZNSt7__cxx1112basic_stringIcSt11char_traitsIcESaIcEE12_M_constructIPcEEvT_S7_St20forward_iterator_tag
FNDA:0,_ZNSt7__cxx1112basic_stringIcSt11char_traitsIcESaIcEE12_M_constructIPcEEvT_S7_St20forward_iterator_tag
FN:206,_ZNSt7__cxx1112basic_stringIcSt11char_traitsIcESaIcEE12_M_constructIPKcEEvT_S8_St20forward_iterator_tag
FNDA:0,_ZNSt7__cxx1112basic_stringIcSt11char_traitsIcESaIcEE12_M_constructIPKcEEvT_S8_St20forward_iterator_tag
DA:206,0
DA:211,0
DA:212,0
DA:215,0
DA:217,0
DA:219,0
DA:220,0
DA:225,0
DA:226,0
DA:228,0
DA:229,0
DA:232,0
DA:233,0
DA:206,0
DA:211,0
DA:212,0
DA:215,0
DA:217,0
DA:219,0
DA:220,0
DA:225,0
DA:226,0
DA:228,0
DA:229,0
DA:232,0
DA:233,0
end_of_record
SF:/usr/include/c++/9/bits/basic_string.h
FN:247,_ZNSt7__cxx1112basic_stringIcSt11char_traitsIcESaIcEE16_M_construct_auxIPcEEvT_S7_St12__false_type
FNDA:0,_ZNSt7__cxx1112basic_stringIcSt11char_traitsIcESaIcEE16_M_construct_auxIPcEEvT_S7_St12__false_type
FN:247,_ZNSt7__cxx1112basic_stringIcSt11char_traitsIcESaIcEE16_M_construct_auxIPKcEEvT_S8_St12__false_type
FNDA:0,_ZNSt7__cxx1112basic_stringIcSt11char_traitsIcESaIcEE16_M_construct_auxIPKcEEvT_S8_St12__false_type
FN:267,_ZNSt7__cxx1112basic_stringIcSt11char_traitsIcESaIcEE12_M_constructIPcEEvT_S7_
FNDA:0,_ZNSt7__cxx1112basic_stringIcSt11char_traitsIcESaIcEE12_M_constructIPcEEvT_S7_
FN:267,_ZNSt7__cxx1112basic_stringIcSt11char_traitsIcESaIcEE12_M_constructIPKcEEvT_S8_
FNDA:0,_ZNSt7__cxx1112basic_stringIcSt11char_traitsIcESaIcEE12_M_constructIPKcEEvT_S8_
DA:247,0
DA:251,0
DA:252,0
DA:247,0
DA:251,0
DA:252,0
DA:267,0
DA:270,0
DA:271,0
DA:267,0
DA:270,0
DA:271,0
end_of_record
SF:/mnt/c/Users/c.bouchet/Documents/Davey/Example_GoogleTest/googletest-main/googletest/include/gtest/gtest-assertion-result.h
FN:174,_ZNK7testing15AssertionResultcvbEv
FNDA:3,_ZNK7testing15AssertionResultcvbEv
FN:183,_ZNK7testing15AssertionResult7messageEv
FNDA:0,_ZNK7testing15AssertionResult7messageEv
FN:187,_ZNK7testing15AssertionResult15failure_messageEv
FNDA:0,_ZNK7testing15AssertionResult15failure_messageEv
DA:174,3
DA:183,0
DA:184,0
DA:187,0
end_of_record
SF:/usr/include/c++/9/bits/stl_iterator_base_types.h
FN:205,_ZSt19__iterator_categoryIPcENSt15iterator_traitsIT_E17iterator_categoryERKS2_
FNDA:0,_ZSt19__iterator_categoryIPcENSt15iterator_traitsIT_E17iterator_categoryERKS2_
FN:205,_ZSt19__iterator_categoryIPKcENSt15iterator_traitsIT_E17iterator_categoryERKS3_
FNDA:0,_ZSt19__iterator_categoryIPKcENSt15iterator_traitsIT_E17iterator_categoryERKS3_
DA:205,0
DA:206,0
DA:205,0
DA:206,0
end_of_record
SF:/usr/include/c++/9/tuple
FN:113,_ZNSt10_Head_baseILm1ESt14default_deleteINSt7__cxx1118basic_stringstreamIcSt11char_traitsIcESaIcEEEELb1EE7_M_headERS8_
FNDA:59,_ZNSt10_Head_baseILm1ESt14default_deleteINSt7__cxx1118basic_stringstreamIcSt11char_traitsIcESaIcEEEELb1EE7_M_headERS8_
FN:113,_ZNSt10_Head_baseILm1ESt14default_deleteINSt7__cxx1112basic_stringIcSt11char_traitsIcESaIcEEEELb1EE7_M_headERS8_
FNDA:0,_ZNSt10_Head_baseILm1ESt14default_deleteINSt7__cxx1112basic_stringIcSt11char_traitsIcESaIcEEEELb1EE7_M_headERS8_
FN:160,_ZNSt10_Head_baseILm0EPNSt7__cxx1112basic_stringIcSt11char_traitsIcESaIcEEELb0EE7_M_headERS7_
FNDA:3,_ZNSt10_Head_baseILm0EPNSt7__cxx1112basic_stringIcSt11char_traitsIcESaIcEEELb0EE7_M_headERS7_
FN:160,_ZNSt10_Head_baseILm0EPNSt7__cxx1118basic_stringstreamIcSt11char_traitsIcESaIcEEELb0EE7_M_headERS7_
FNDA:118,_ZNSt10_Head_baseILm0EPNSt7__cxx1118basic_stringstreamIcSt11char_traitsIcESaIcEEELb0EE7_M_headERS7_
FN:163,_ZNSt10_Head_baseILm0EPNSt7__cxx1112basic_stringIcSt11char_traitsIcESaIcEEELb0EE7_M_headERKS7_
FNDA:0,_ZNSt10_Head_baseILm0EPNSt7__cxx1112basic_stringIcSt11char_traitsIcESaIcEEELb0EE7_M_headERKS7_
FN:195,_ZNSt11_Tuple_implILm0EJPNSt7__cxx1112basic_stringIcSt11char_traitsIcESaIcEEESt14default_deleteIS5_EEE7_M_headERS9_
FNDA:3,_ZNSt11_Tuple_implILm0EJPNSt7__cxx1112basic_stringIcSt11char_traitsIcESaIcEEESt14default_deleteIS5_EEE7_M_headERS9_
FN:195,_ZNSt11_Tuple_implILm0EJPNSt7__cxx1118basic_stringstreamIcSt11char_traitsIcESaIcEEESt14default_deleteIS5_EEE7_M_headERS9_
FNDA:118,_ZNSt11_Tuple_implILm0EJPNSt7__cxx1118basic_stringstreamIcSt11char_traitsIcESaIcEEESt14default_deleteIS5_EEE7_M_headERS9_
FN:198,_ZNSt11_Tuple_implILm0EJPNSt7__cxx1112basic_stringIcSt11char_traitsIcESaIcEEESt14default_deleteIS5_EEE7_M_headERKS9_
FNDA:0,_ZNSt11_Tuple_implILm0EJPNSt7__cxx1112basic_stringIcSt11char_traitsIcESaIcEEESt14default_deleteIS5_EEE7_M_headERKS9_
FN:334,_ZNSt11_Tuple_implILm1EJSt14default_deleteINSt7__cxx1112basic_stringIcSt11char_traitsIcESaIcEEEEEE7_M_headERS8_
FNDA:0,_ZNSt11_Tuple_implILm1EJSt14default_deleteINSt7__cxx1112basic_stringIcSt11char_traitsIcESaIcEEEEEE7_M_headERS8_
FN:334,_ZNSt11_Tuple_implILm1EJSt14default_deleteINSt7__cxx1118basic_stringstreamIcSt11char_traitsIcESaIcEEEEEE7_M_headERS8_
FNDA:59,_ZNSt11_Tuple_implILm1EJSt14default_deleteINSt7__cxx1118basic_stringstreamIcSt11char_traitsIcESaIcEEEEEE7_M_headERS8_
FN:1309,_ZSt12__get_helperILm1ESt14default_deleteINSt7__cxx1118basic_stringstreamIcSt11char_traitsIcESaIcEEEEJEERT0_RSt11_Tuple_implIXT_EJS8_DpT1_EE
FNDA:59,_ZSt12__get_helperILm1ESt14default_deleteINSt7__cxx1118basic_stringstreamIcSt11char_traitsIcESaIcEEEEJEERT0_RSt11_Tuple_implIXT_EJS8_DpT1_EE
FN:1309,_ZSt12__get_helperILm0EPNSt7__cxx1118basic_stringstreamIcSt11char_traitsIcESaIcEEEJSt14default_deleteIS5_EEERT0_RSt11_Tuple_implIXT_EJS9_DpT1_EE
FNDA:118,_ZSt12__get_helperILm0EPNSt7__cxx1118basic_stringstreamIcSt11char_traitsIcESaIcEEEJSt14default_deleteIS5_EEERT0_RSt11_Tuple_implIXT_EJS9_DpT1_EE
FN:1309,_ZSt12__get_helperILm0EPNSt7__cxx1112basic_stringIcSt11char_traitsIcESaIcEEEJSt14default_deleteIS5_EEERT0_RSt11_Tuple_implIXT_EJS9_DpT1_EE
FNDA:3,_ZSt12__get_helperILm0EPNSt7__cxx1112basic_stringIcSt11char_traitsIcESaIcEEEJSt14default_deleteIS5_EEERT0_RSt11_Tuple_implIXT_EJS9_DpT1_EE
FN:1309,_ZSt12__get_helperILm1ESt14default_deleteINSt7__cxx1112basic_stringIcSt11char_traitsIcESaIcEEEEJEERT0_RSt11_Tuple_implIXT_EJS8_DpT1_EE
FNDA:0,_ZSt12__get_helperILm1ESt14default_deleteINSt7__cxx1112basic_stringIcSt11char_traitsIcESaIcEEEEJEERT0_RSt11_Tuple_implIXT_EJS8_DpT1_EE
FN:1314,_ZSt12__get_helperILm0EPNSt7__cxx1112basic_stringIcSt11char_traitsIcESaIcEEEJSt14default_deleteIS5_EEERKT0_RKSt11_Tuple_implIXT_EJS9_DpT1_EE
FNDA:0,_ZSt12__get_helperILm0EPNSt7__cxx1112basic_stringIcSt11char_traitsIcESaIcEEEJSt14default_deleteIS5_EEERKT0_RKSt11_Tuple_implIXT_EJS9_DpT1_EE
FN:1320,_ZSt3getILm1EJPNSt7__cxx1112basic_stringIcSt11char_traitsIcESaIcEEESt14default_deleteIS5_EEERNSt13tuple_elementIXT_ESt5tupleIJDpT0_EEE4typeERSD_
FNDA:0,_ZSt3getILm1EJPNSt7__cxx1112basic_stringIcSt11char_traitsIcESaIcEEESt14default_deleteIS5_EEERNSt13tuple_elementIXT_ESt5tupleIJDpT0_EEE4typeERSD_
FN:1320,_ZSt3getILm1EJPNSt7__cxx1118basic_stringstreamIcSt11char_traitsIcESaIcEEESt14default_deleteIS5_EEERNSt13tuple_elementIXT_ESt5tupleIJDpT0_EEE4typeERSD_
FNDA:59,_ZSt3getILm1EJPNSt7__cxx1118basic_stringstreamIcSt11char_traitsIcESaIcEEESt14default_deleteIS5_EEERNSt13tuple_elementIXT_ESt5tupleIJDpT0_EEE4typeERSD_
FN:1320,_ZSt3getILm0EJPNSt7__cxx1112basic_stringIcSt11char_traitsIcESaIcEEESt14default_deleteIS5_EEERNSt13tuple_elementIXT_ESt5tupleIJDpT0_EEE4typeERSD_
FNDA:3,_ZSt3getILm0EJPNSt7__cxx1112basic_stringIcSt11char_traitsIcESaIcEEESt14default_deleteIS5_EEERNSt13tuple_elementIXT_ESt5tupleIJDpT0_EEE4typeERSD_
FN:1320,_ZSt3getILm0EJPNSt7__cxx1118basic_stringstreamIcSt11char_traitsIcESaIcEEESt14default_deleteIS5_EEERNSt13tuple_elementIXT_ESt5tupleIJDpT0_EEE4typeERSD_
FNDA:118,_ZSt3getILm0EJPNSt7__cxx1118basic_stringstreamIcSt11char_traitsIcESaIcEEESt14default_deleteIS5_EEERNSt13tuple_elementIXT_ESt5tupleIJDpT0_EEE4typeERSD_
FN:1326,_ZSt3getILm0EJPNSt7__cxx1112basic_stringIcSt11char_traitsIcESaIcEEESt14default_deleteIS5_EEERKNSt13tuple_elementIXT_ESt5tupleIJDpT0_EEE4typeERKSD_
FNDA:0,_ZSt3getILm0EJPNSt7__cxx1112basic_stringIcSt11char_traitsIcESaIcEEESt14default_deleteIS5_EEERKNSt13tuple_elementIXT_ESt5tupleIJDpT0_EEE4typeERKSD_
DA:113,0
DA:113,59
DA:160,3
DA:160,118
DA:163,0
DA:195,3
DA:195,118
DA:198,0
DA:334,0
DA:334,59
DA:1309,0
DA:1310,0
DA:1309,59
DA:1310,59
DA:1309,3
DA:1310,3
DA:1309,118
DA:1310,118
DA:1314,0
DA:1315,0
DA:1320,0
DA:1321,0
DA:1320,59
DA:1321,59
DA:1320,3
DA:1321,3
DA:1320,118
DA:1321,118
DA:1326,0
DA:1327,0
end_of_record
TN:
SF:/usr/include/c++/9/bits/stl_uninitialized.h
FN:76,_ZNSt20__uninitialized_copyILb0EE13__uninit_copyISt13move_iteratorIPN7testing12TestPropertyEES5_EET0_T_S8_S7_
FNDA:0,_ZNSt20__uninitialized_copyILb0EE13__uninit_copyISt13move_iteratorIPN7testing12TestPropertyEES5_EET0_T_S8_S7_
FN:76,_ZNSt20__uninitialized_copyILb0EE13__uninit_copyIPKPKcPNSt7__cxx1112basic_stringIcSt11char_traitsIcESaIcEEEEET0_T_SE_SD_
FNDA:0,_ZNSt20__uninitialized_copyILb0EE13__uninit_copyIPKPKcPNSt7__cxx1112basic_stringIcSt11char_traitsIcESaIcEEEEET0_T_SE_SD_
FN:76,_ZNSt20__uninitialized_copyILb0EE13__uninit_copyIN9__gnu_cxx17__normal_iteratorIPKNSt7__cxx1112basic_stringIcSt11char_traitsIcESaIcEEESt6vectorIS9_SaIS9_EEEEPS9_EET0_T_SI_SH_
FNDA:10,_ZNSt20__uninitialized_copyILb0EE13__uninit_copyIN9__gnu_cxx17__normal_iteratorIPKNSt7__cxx1112basic_stringIcSt11char_traitsIcESaIcEEESt6vectorIS9_SaIS9_EEEEPS9_EET0_T_SI_SH_
FN:76,_ZNSt20__uninitialized_copyILb0EE13__uninit_copyISt13move_iteratorIPNSt7__cxx1112basic_stringIcSt11char_traitsIcESaIcEEEES9_EET0_T_SC_SB_
FNDA:0,_ZNSt20__uninitialized_copyILb0EE13__uninit_copyISt13move_iteratorIPNSt7__cxx1112basic_stringIcSt11char_traitsIcESaIcEEEES9_EET0_T_SC_SB_
FN:76,_ZNSt20__uninitialized_copyILb0EE13__uninit_copyISt13move_iteratorIPN7testing14TestPartResultEES5_EET0_T_S8_S7_
FNDA:0,_ZNSt20__uninitialized_copyILb0EE13__uninit_copyISt13move_iteratorIPN7testing14TestPartResultEES5_EET0_T_S8_S7_
FN:76,_ZNSt20__uninitialized_copyILb0EE13__uninit_copyISt13move_iteratorIPN7testing8internal9TraceInfoEES6_EET0_T_S9_S8_
FNDA:0,_ZNSt20__uninitialized_copyILb0EE13__uninit_copyISt13move_iteratorIPN7testing8internal9TraceInfoEES6_EET0_T_S9_S8_
FN:99,_ZNSt20__uninitialized_copyILb1EE13__uninit_copyIN9__gnu_cxx17__normal_iteratorIPKdSt6vectorIdSaIdEEEEPdEET0_T_SC_SB_
FNDA:0,_ZNSt20__uninitialized_copyILb1EE13__uninit_copyIN9__gnu_cxx17__normal_iteratorIPKdSt6vectorIdSaIdEEEEPdEET0_T_SC_SB_
FN:99,_ZNSt20__uninitialized_copyILb1EE13__uninit_copyISt13move_iteratorIPPN7testing8TestInfoEES6_EET0_T_S9_S8_
FNDA:0,_ZNSt20__uninitialized_copyILb1EE13__uninit_copyISt13move_iteratorIPPN7testing8TestInfoEES6_EET0_T_S9_S8_
FN:99,_ZNSt20__uninitialized_copyILb1EE13__uninit_copyISt13move_iteratorIPN7testing8internal13edit_distance8EditTypeEES7_EET0_T_SA_S9_
FNDA:0,_ZNSt20__uninitialized_copyILb1EE13__uninit_copyISt13move_iteratorIPN7testing8internal13edit_distance8EditTypeEES7_EET0_T_SA_S9_
FN:99,_ZNSt20__uninitialized_copyILb1EE13__uninit_copyISt13move_iteratorIPPN7testing17TestEventListenerEES6_EET0_T_S9_S8_
FNDA:0,_ZNSt20__uninitialized_copyILb1EE13__uninit_copyISt13move_iteratorIPPN7testing17TestEventListenerEES6_EET0_T_S9_S8_
FN:99,_ZNSt20__uninitialized_copyILb1EE13__uninit_copyISt13move_iteratorIPPN7testing11EnvironmentEES6_EET0_T_S9_S8_
FNDA:0,_ZNSt20__uninitialized_copyILb1EE13__uninit_copyISt13move_iteratorIPPN7testing11EnvironmentEES6_EET0_T_S9_S8_
FN:99,_ZNSt20__uninitialized_copyILb1EE13__uninit_copyISt13move_iteratorIPPN7testing9TestSuiteEES6_EET0_T_S9_S8_
FNDA:0,_ZNSt20__uninitialized_copyILb1EE13__uninit_copyISt13move_iteratorIPPN7testing9TestSuiteEES6_EET0_T_S9_S8_
FN:99,_ZNSt20__uninitialized_copyILb1EE13__uninit_copyISt13move_iteratorIPPcES4_EET0_T_S7_S6_
FNDA:0,_ZNSt20__uninitialized_copyILb1EE13__uninit_copyISt13move_iteratorIPPcES4_EET0_T_S7_S6_
FN:99,_ZNSt20__uninitialized_copyILb1EE13__uninit_copyIN9__gnu_cxx17__normal_iteratorIPKN7testing8internal13edit_distance8EditTypeESt6vectorIS7_SaIS7_EEEEPS7_EET0_T_SG_SF_
FNDA:0,_ZNSt20__uninitialized_copyILb1EE13__uninit_copyIN9__gnu_cxx17__normal_iteratorIPKN7testing8internal13edit_distance8EditTypeESt6vectorIS7_SaIS7_EEEEPS7_EET0_T_SG_SF_
FN:99,_ZNSt20__uninitialized_copyILb1EE13__uninit_copyISt13move_iteratorIPmES3_EET0_T_S6_S5_
FNDA:0,_ZNSt20__uninitialized_copyILb1EE13__uninit_copyISt13move_iteratorIPmES3_EET0_T_S6_S5_
FN:99,_ZNSt20__uninitialized_copyILb1EE13__uninit_copyISt13move_iteratorIPiES3_EET0_T_S6_S5_
FNDA:0,_ZNSt20__uninitialized_copyILb1EE13__uninit_copyISt13move_iteratorIPiES3_EET0_T_S6_S5_
FN:115,_ZSt18uninitialized_copyISt13move_iteratorIPPN7testing8TestInfoEES4_ET0_T_S7_S6_
FNDA:0,_ZSt18uninitialized_copyISt13move_iteratorIPPN7testing8TestInfoEES4_ET0_T_S7_S6_
FN:115,_ZSt18uninitialized_copyISt13move_iteratorIPPN7testing17TestEventListenerEES4_ET0_T_S7_S6_
FNDA:0,_ZSt18uninitialized_copyISt13move_iteratorIPPN7testing17TestEventListenerEES4_ET0_T_S7_S6_
FN:115,_ZSt18uninitialized_copyISt13move_iteratorIPPN7testing11EnvironmentEES4_ET0_T_S7_S6_
FNDA:0,_ZSt18uninitialized_copyISt13move_iteratorIPPN7testing11EnvironmentEES4_ET0_T_S7_S6_
FN:115,_ZSt18uninitialized_copyISt13move_iteratorIPN7testing8internal9TraceInfoEES4_ET0_T_S7_S6_
FNDA:0,_ZSt18uninitialized_copyISt13move_iteratorIPN7testing8internal9TraceInfoEES4_ET0_T_S7_S6_
FN:115,_ZSt18uninitialized_copyISt13move_iteratorIPN7testing12TestPropertyEES3_ET0_T_S6_S5_
FNDA:0,_ZSt18uninitialized_copyISt13move_iteratorIPN7testing12TestPropertyEES3_ET0_T_S6_S5_
FN:115,_ZSt18uninitialized_copyISt13move_iteratorIPPN7testing9TestSuiteEES4_ET0_T_S7_S6_
FNDA:0,_ZSt18uninitialized_copyISt13move_iteratorIPPN7testing9TestSuiteEES4_ET0_T_S7_S6_
FN:115,_ZSt18uninitialized_copyISt13move_iteratorIPN7testing8internal13edit_distance8EditTypeEES5_ET0_T_S8_S7_
FNDA:0,_ZSt18uninitialized_copyISt13move_iteratorIPN7testing8internal13edit_distance8EditTypeEES5_ET0_T_S8_S7_
FN:115,_ZSt18uninitialized_copyISt13move_iteratorIPPcES2_ET0_T_S5_S4_
FNDA:0,_ZSt18uninitialized_copyISt13move_iteratorIPPcES2_ET0_T_S5_S4_
FN:115,_ZSt18uninitialized_copyISt13move_iteratorIPN7testing14TestPartResultEES3_ET0_T_S6_S5_
FNDA:0,_ZSt18uninitialized_copyISt13move_iteratorIPN7testing14TestPartResultEES3_ET0_T_S6_S5_
FN:115,_ZSt18uninitialized_copyISt13move_iteratorIPNSt7__cxx1112basic_stringIcSt11char_traitsIcESaIcEEEES7_ET0_T_SA_S9_
FNDA:0,_ZSt18uninitialized_copyISt13move_iteratorIPNSt7__cxx1112basic_stringIcSt11char_traitsIcESaIcEEEES7_ET0_T_SA_S9_
FN:115,_ZSt18uninitialized_copyISt13move_iteratorIPmES1_ET0_T_S4_S3_
FNDA:0,_ZSt18uninitialized_copyISt13move_iteratorIPmES1_ET0_T_S4_S3_
FN:115,_ZSt18uninitialized_copyIN9__gnu_cxx17__normal_iteratorIPKNSt7__cxx1112basic_stringIcSt11char_traitsIcESaIcEEESt6vectorIS7_SaIS7_EEEEPS7_ET0_T_SG_SF_
FNDA:10,_ZSt18uninitialized_copyIN9__gnu_cxx17__normal_iteratorIPKNSt7__cxx1112basic_stringIcSt11char_traitsIcESaIcEEESt6vectorIS7_SaIS7_EEEEPS7_ET0_T_SG_SF_
FN:115,_ZSt18uninitialized_copyIPKPKcPNSt7__cxx1112basic_stringIcSt11char_traitsIcESaIcEEEET0_T_SC_SB_
FNDA:0,_ZSt18uninitialized_copyIPKPKcPNSt7__cxx1112basic_stringIcSt11char_traitsIcESaIcEEEET0_T_SC_SB_
FN:115,_ZSt18uninitialized_copyIN9__gnu_cxx17__normal_iteratorIPKN7testing8internal13edit_distance8EditTypeESt6vectorIS5_SaIS5_EEEEPS5_ET0_T_SE_SD_
FNDA:0,_ZSt18uninitialized_copyIN9__gnu_cxx17__normal_iteratorIPKN7testing8internal13edit_distance8EditTypeESt6vectorIS5_SaIS5_EEEEPS5_ET0_T_SE_SD_
FN:115,_ZSt18uninitialized_copyIN9__gnu_cxx17__normal_iteratorIPKdSt6vectorIdSaIdEEEEPdET0_T_SA_S9_
FNDA:0,_ZSt18uninitialized_copyIN9__gnu_cxx17__normal_iteratorIPKdSt6vectorIdSaIdEEEEPdET0_T_SA_S9_
FN:115,_ZSt18uninitialized_copyISt13move_iteratorIPiES1_ET0_T_S4_S3_
FNDA:0,_ZSt18uninitialized_copyISt13move_iteratorIPiES1_ET0_T_S4_S3_
FN:215,_ZNSt22__uninitialized_fill_nILb0EE15__uninit_fill_nIPSt6vectorIN7testing8internal13edit_distance8EditTypeESaIS6_EEmS8_EET_SA_T0_RKT1_
FNDA:0,_ZNSt22__uninitialized_fill_nILb0EE15__uninit_fill_nIPSt6vectorIN7testing8internal13edit_distance8EditTypeESaIS6_EEmS8_EET_SA_T0_RKT1_
FN:215,_ZNSt22__uninitialized_fill_nILb0EE15__uninit_fill_nIPSt6vectorIdSaIdEEmS4_EET_S6_T0_RKT1_
FNDA:0,_ZNSt22__uninitialized_fill_nILb0EE15__uninit_fill_nIPSt6vectorIdSaIdEEmS4_EET_S6_T0_RKT1_
FN:256,_ZSt20uninitialized_fill_nIPSt6vectorIdSaIdEEmS2_ET_S4_T0_RKT1_
FNDA:0,_ZSt20uninitialized_fill_nIPSt6vectorIdSaIdEEmS2_ET_S4_T0_RKT1_
FN:256,_ZSt20uninitialized_fill_nIPSt6vectorIN7testing8internal13edit_distance8EditTypeESaIS4_EEmS6_ET_S8_T0_RKT1_
FNDA:0,_ZSt20uninitialized_fill_nIPSt6vectorIN7testing8internal13edit_distance8EditTypeESaIS4_EEmS6_ET_S8_T0_RKT1_
FN:305,_ZSt22__uninitialized_copy_aISt13move_iteratorIPN7testing12TestPropertyEES3_S2_ET0_T_S6_S5_RSaIT1_E
FNDA:0,_ZSt22__uninitialized_copy_aISt13move_iteratorIPN7testing12TestPropertyEES3_S2_ET0_T_S6_S5_RSaIT1_E
FN:305,_ZSt22__uninitialized_copy_aISt13move_iteratorIPmES1_mET0_T_S4_S3_RSaIT1_E
FNDA:0,_ZSt22__uninitialized_copy_aISt13move_iteratorIPmES1_mET0_T_S4_S3_RSaIT1_E
FN:305,_ZSt22__uninitialized_copy_aIN9__gnu_cxx17__normal_iteratorIPKdSt6vectorIdSaIdEEEEPddET0_T_SA_S9_RSaIT1_E
FNDA:0,_ZSt22__uninitialized_copy_aIN9__gnu_cxx17__normal_iteratorIPKdSt6vectorIdSaIdEEEEPddET0_T_SA_S9_RSaIT1_E
FN:305,_ZSt22__uninitialized_copy_aISt13move_iteratorIPPN7testing9TestSuiteEES4_S3_ET0_T_S7_S6_RSaIT1_E
FNDA:0,_ZSt22__uninitialized_copy_aISt13move_iteratorIPPN7testing9TestSuiteEES4_S3_ET0_T_S7_S6_RSaIT1_E
FN:305,_ZSt22__uninitialized_copy_aISt13move_iteratorIPN7testing8internal9TraceInfoEES4_S3_ET0_T_S7_S6_RSaIT1_E
FNDA:0,_ZSt22__uninitialized_copy_aISt13move_iteratorIPN7testing8internal9TraceInfoEES4_S3_ET0_T_S7_S6_RSaIT1_E
FN:305,_ZSt22__uninitialized_copy_aISt13move_iteratorIPPN7testing11EnvironmentEES4_S3_ET0_T_S7_S6_RSaIT1_E
FNDA:0,_ZSt22__uninitialized_copy_aISt13move_iteratorIPPN7testing11EnvironmentEES4_S3_ET0_T_S7_S6_RSaIT1_E
FN:305,_ZSt22__uninitialized_copy_aISt13move_iteratorIPPN7testing17TestEventListenerEES4_S3_ET0_T_S7_S6_RSaIT1_E
FNDA:0,_ZSt22__uninitialized_copy_aISt13move_iteratorIPPN7testing17TestEventListenerEES4_S3_ET0_T_S7_S6_RSaIT1_E
FN:305,_ZSt22__uninitialized_copy_aISt13move_iteratorIPPN7testing8TestInfoEES4_S3_ET0_T_S7_S6_RSaIT1_E
FNDA:0,_ZSt22__uninitialized_copy_aISt13move_iteratorIPPN7testing8TestInfoEES4_S3_ET0_T_S7_S6_RSaIT1_E
FN:305,_ZSt22__uninitialized_copy_aIPKPKcPNSt7__cxx1112basic_stringIcSt11char_traitsIcESaIcEEES9_ET0_T_SC_SB_RSaIT1_E
FNDA:0,_ZSt22__uninitialized_copy_aIPKPKcPNSt7__cxx1112basic_stringIcSt11char_traitsIcESaIcEEES9_ET0_T_SC_SB_RSaIT1_E
FN:305,_ZSt22__uninitialized_copy_aISt13move_iteratorIPPcES2_S1_ET0_T_S5_S4_RSaIT1_E
FNDA:0,_ZSt22__uninitialized_copy_aISt13move_iteratorIPPcES2_S1_ET0_T_S5_S4_RSaIT1_E
FN:305,_ZSt22__uninitialized_copy_aISt13move_iteratorIPN7testing8internal13edit_distance8EditTypeEES5_S4_ET0_T_S8_S7_RSaIT1_E
FNDA:0,_ZSt22__uninitialized_copy_aISt13move_iteratorIPN7testing8internal13edit_distance8EditTypeEES5_S4_ET0_T_S8_S7_RSaIT1_E
FN:305,_ZSt22__uninitialized_copy_aIN9__gnu_cxx17__normal_iteratorIPKN7testing8internal13edit_distance8EditTypeESt6vectorIS5_SaIS5_EEEEPS5_S5_ET0_T_SE_SD_RSaIT1_E
FNDA:0,_ZSt22__uninitialized_copy_aIN9__gnu_cxx17__normal_iteratorIPKN7testing8internal13edit_distance8EditTypeESt6vectorIS5_SaIS5_EEEEPS5_S5_ET0_T_SE_SD_RSaIT1_E
FN:305,_ZSt22__uninitialized_copy_aISt13move_iteratorIPN7testing14TestPartResultEES3_S2_ET0_T_S6_S5_RSaIT1_E
FNDA:0,_ZSt22__uninitialized_copy_aISt13move_iteratorIPN7testing14TestPartResultEES3_S2_ET0_T_S6_S5_RSaIT1_E
FN:305,_ZSt22__uninitialized_copy_aISt13move_iteratorIPNSt7__cxx1112basic_stringIcSt11char_traitsIcESaIcEEEES7_S6_ET0_T_SA_S9_RSaIT1_E
FNDA:0,_ZSt22__uninitialized_copy_aISt13move_iteratorIPNSt7__cxx1112basic_stringIcSt11char_traitsIcESaIcEEEES7_S6_ET0_T_SA_S9_RSaIT1_E
FN:305,_ZSt22__uninitialized_copy_aIN9__gnu_cxx17__normal_iteratorIPKNSt7__cxx1112basic_stringIcSt11char_traitsIcESaIcEEESt6vectorIS7_SaIS7_EEEEPS7_S7_ET0_T_SG_SF_RSaIT1_E
FNDA:10,_ZSt22__uninitialized_copy_aIN9__gnu_cxx17__normal_iteratorIPKNSt7__cxx1112basic_stringIcSt11char_traitsIcESaIcEEESt6vectorIS7_SaIS7_EEEEPS7_S7_ET0_T_SG_SF_RSaIT1_E
FN:305,_ZSt22__uninitialized_copy_aISt13move_iteratorIPiES1_iET0_T_S4_S3_RSaIT1_E
FNDA:0,_ZSt22__uninitialized_copy_aISt13move_iteratorIPiES1_iET0_T_S4_S3_RSaIT1_E
FN:323,_ZSt34__uninitialized_move_if_noexcept_aIPN7testing12TestPropertyES2_SaIS1_EET0_T_S5_S4_RT1_
FNDA:0,_ZSt34__uninitialized_move_if_noexcept_aIPN7testing12TestPropertyES2_SaIS1_EET0_T_S5_S4_RT1_
FN:323,_ZSt34__uninitialized_move_if_noexcept_aIPN7testing8internal13edit_distance8EditTypeES4_SaIS3_EET0_T_S7_S6_RT1_
FNDA:0,_ZSt34__uninitialized_move_if_noexcept_aIPN7testing8internal13edit_distance8EditTypeES4_SaIS3_EET0_T_S7_S6_RT1_
FN:323,_ZSt34__uninitialized_move_if_noexcept_aIPmS0_SaImEET0_T_S3_S2_RT1_
FNDA:0,_ZSt34__uninitialized_move_if_noexcept_aIPmS0_SaImEET0_T_S3_S2_RT1_
FN:323,_ZSt34__uninitialized_move_if_noexcept_aIPNSt7__cxx1112basic_stringIcSt11char_traitsIcESaIcEEES6_SaIS5_EET0_T_S9_S8_RT1_
FNDA:0,_ZSt34__uninitialized_move_if_noexcept_aIPNSt7__cxx1112basic_stringIcSt11char_traitsIcESaIcEEES6_SaIS5_EET0_T_S9_S8_RT1_
FN:323,_ZSt34__uninitialized_move_if_noexcept_aIPiS0_SaIiEET0_T_S3_S2_RT1_
FNDA:0,_ZSt34__uninitialized_move_if_noexcept_aIPiS0_SaIiEET0_T_S3_S2_RT1_
FN:323,_ZSt34__uninitialized_move_if_noexcept_aIPPcS1_SaIS0_EET0_T_S4_S3_RT1_
FNDA:0,_ZSt34__uninitialized_move_if_noexcept_aIPPcS1_SaIS0_EET0_T_S4_S3_RT1_
FN:323,_ZSt34__uninitialized_move_if_noexcept_aIPPN7testing9TestSuiteES3_SaIS2_EET0_T_S6_S5_RT1_
FNDA:0,_ZSt34__uninitialized_move_if_noexcept_aIPPN7testing9TestSuiteES3_SaIS2_EET0_T_S6_S5_RT1_
FN:323,_ZSt34__uninitialized_move_if_noexcept_aIPN7testing8internal9TraceInfoES3_SaIS2_EET0_T_S6_S5_RT1_
FNDA:0,_ZSt34__uninitialized_move_if_noexcept_aIPN7testing8internal9TraceInfoES3_SaIS2_EET0_T_S6_S5_RT1_
FN:323,_ZSt34__uninitialized_move_if_noexcept_aIPPN7testing8TestInfoES3_SaIS2_EET0_T_S6_S5_RT1_
FNDA:0,_ZSt34__uninitialized_move_if_noexcept_aIPPN7testing8TestInfoES3_SaIS2_EET0_T_S6_S5_RT1_
FN:323,_ZSt34__uninitialized_move_if_noexcept_aIPPN7testing17TestEventListenerES3_SaIS2_EET0_T_S6_S5_RT1_
FNDA:0,_ZSt34__uninitialized_move_if_noexcept_aIPPN7testing17TestEventListenerES3_SaIS2_EET0_T_S6_S5_RT1_
FN:323,_ZSt34__uninitialized_move_if_noexcept_aIPN7testing14TestPartResultES2_SaIS1_EET0_T_S5_S4_RT1_
FNDA:0,_ZSt34__uninitialized_move_if_noexcept_aIPN7testing14TestPartResultES2_SaIS1_EET0_T_S5_S4_RT1_
FN:323,_ZSt34__uninitialized_move_if_noexcept_aIPPN7testing11EnvironmentES3_SaIS2_EET0_T_S6_S5_RT1_
FNDA:0,_ZSt34__uninitialized_move_if_noexcept_aIPPN7testing11EnvironmentES3_SaIS2_EET0_T_S6_S5_RT1_
FN:382,_ZSt24__uninitialized_fill_n_aIPSt6vectorIN7testing8internal13edit_distance8EditTypeESaIS4_EEmS6_S6_ET_S8_T0_RKT1_RSaIT2_E
FNDA:0,_ZSt24__uninitialized_fill_n_aIPSt6vectorIN7testing8internal13edit_distance8EditTypeESaIS4_EEmS6_S6_ET_S8_T0_RKT1_RSaIT2_E
FN:382,_ZSt24__uninitialized_fill_n_aIPSt6vectorIdSaIdEEmS2_S2_ET_S4_T0_RKT1_RSaIT2_E
FNDA:0,_ZSt24__uninitialized_fill_n_aIPSt6vectorIdSaIdEEmS2_S2_ET_S4_T0_RKT1_RSaIT2_E
FN:561,_ZNSt27__uninitialized_default_n_1ILb1EE18__uninit_default_nIPdmEET_S3_T0_
FNDA:0,_ZNSt27__uninitialized_default_n_1ILb1EE18__uninit_default_nIPdmEET_S3_T0_
FN:561,_ZNSt27__uninitialized_default_n_1ILb1EE18__uninit_default_nIPN7testing8internal13edit_distance8EditTypeEmEET_S7_T0_
FNDA:0,_ZNSt27__uninitialized_default_n_1ILb1EE18__uninit_default_nIPN7testing8internal13edit_distance8EditTypeEmEET_S7_T0_
FN:592,_ZSt25__uninitialized_default_nIPN7testing8internal13edit_distance8EditTypeEmET_S5_T0_
FNDA:0,_ZSt25__uninitialized_default_nIPN7testing8internal13edit_distance8EditTypeEmET_S5_T0_
FN:592,_ZSt25__uninitialized_default_nIPdmET_S1_T0_
FNDA:0,_ZSt25__uninitialized_default_nIPdmET_S1_T0_
FN:661,_ZSt27__uninitialized_default_n_aIPdmdET_S1_T0_RSaIT1_E
FNDA:0,_ZSt27__uninitialized_default_n_aIPdmdET_S1_T0_RSaIT1_E
FN:661,_ZSt27__uninitialized_default_n_aIPN7testing8internal13edit_distance8EditTypeEmS3_ET_S5_T0_RSaIT1_E
FNDA:0,_ZSt27__uninitialized_default_n_aIPN7testing8internal13edit_distance8EditTypeEmS3_ET_S5_T0_RSaIT1_E
FN:905,_ZSt19__relocate_object_aINSt7__cxx1112basic_stringIcSt11char_traitsIcESaIcEEES5_SaIS5_EEvPT_PT0_RT1_
FNDA:15,_ZSt19__relocate_object_aINSt7__cxx1112basic_stringIcSt11char_traitsIcESaIcEEES5_SaIS5_EEvPT_PT0_RT1_
FN:905,_ZSt19__relocate_object_aIN7testing14TestPartResultES1_SaIS1_EEvPT_PT0_RT1_
FNDA:0,_ZSt19__relocate_object_aIN7testing14TestPartResultES1_SaIS1_EEvPT_PT0_RT1_
FN:905,_ZSt19__relocate_object_aIN7testing8internal9TraceInfoES2_SaIS2_EEvPT_PT0_RT1_
FNDA:0,_ZSt19__relocate_object_aIN7testing8internal9TraceInfoES2_SaIS2_EEvPT_PT0_RT1_
FN:905,_ZSt19__relocate_object_aIN7testing12TestPropertyES1_SaIS1_EEvPT_PT0_RT1_
FNDA:0,_ZSt19__relocate_object_aIN7testing12TestPropertyES1_SaIS1_EEvPT_PT0_RT1_
FN:924,_ZSt14__relocate_a_1IN7testing8internal13edit_distance8EditTypeES3_ENSt9enable_ifIXsrSt24__is_bitwise_relocatableIT_vE5valueEPS6_E4typeES8_S8_S8_RSaIT0_E
FNDA:0,_ZSt14__relocate_a_1IN7testing8internal13edit_distance8EditTypeES3_ENSt9enable_ifIXsrSt24__is_bitwise_relocatableIT_vE5valueEPS6_E4typeES8_S8_S8_RSaIT0_E
FN:924,_ZSt14__relocate_a_1IPN7testing8TestInfoES2_ENSt9enable_ifIXsrSt24__is_bitwise_relocatableIT_vE5valueEPS5_E4typeES7_S7_S7_RSaIT0_E
FNDA:28,_ZSt14__relocate_a_1IPN7testing8TestInfoES2_ENSt9enable_ifIXsrSt24__is_bitwise_relocatableIT_vE5valueEPS5_E4typeES7_S7_S7_RSaIT0_E
FN:924,_ZSt14__relocate_a_1IPN7testing17TestEventListenerES2_ENSt9enable_ifIXsrSt24__is_bitwise_relocatableIT_vE5valueEPS5_E4typeES7_S7_S7_RSaIT0_E
FNDA:10,_ZSt14__relocate_a_1IPN7testing17TestEventListenerES2_ENSt9enable_ifIXsrSt24__is_bitwise_relocatableIT_vE5valueEPS5_E4typeES7_S7_S7_RSaIT0_E
FN:924,_ZSt14__relocate_a_1IPN7testing11EnvironmentES2_ENSt9enable_ifIXsrSt24__is_bitwise_relocatableIT_vE5valueEPS5_E4typeES7_S7_S7_RSaIT0_E
FNDA:0,_ZSt14__relocate_a_1IPN7testing11EnvironmentES2_ENSt9enable_ifIXsrSt24__is_bitwise_relocatableIT_vE5valueEPS5_E4typeES7_S7_S7_RSaIT0_E
FN:924,_ZSt14__relocate_a_1IPN7testing9TestSuiteES2_ENSt9enable_ifIXsrSt24__is_bitwise_relocatableIT_vE5valueEPS5_E4typeES7_S7_S7_RSaIT0_E
FNDA:20,_ZSt14__relocate_a_1IPN7testing9TestSuiteES2_ENSt9enable_ifIXsrSt24__is_bitwise_relocatableIT_vE5valueEPS5_E4typeES7_S7_S7_RSaIT0_E
FN:924,_ZSt14__relocate_a_1IPcS0_ENSt9enable_ifIXsrSt24__is_bitwise_relocatableIT_vE5valueEPS3_E4typeES5_S5_S5_RSaIT0_E
FNDA:0,_ZSt14__relocate_a_1IPcS0_ENSt9enable_ifIXsrSt24__is_bitwise_relocatableIT_vE5valueEPS3_E4typeES5_S5_S5_RSaIT0_E
FN:924,_ZSt14__relocate_a_1IiiENSt9enable_ifIXsrSt24__is_bitwise_relocatableIT_vE5valueEPS2_E4typeES4_S4_S4_RSaIT0_E
FNDA:48,_ZSt14__relocate_a_1IiiENSt9enable_ifIXsrSt24__is_bitwise_relocatableIT_vE5valueEPS2_E4typeES4_S4_S4_RSaIT0_E
FN:924,_ZSt14__relocate_a_1ImmENSt9enable_ifIXsrSt24__is_bitwise_relocatableIT_vE5valueEPS2_E4typeES4_S4_S4_RSaIT0_E
FNDA:0,_ZSt14__relocate_a_1ImmENSt9enable_ifIXsrSt24__is_bitwise_relocatableIT_vE5valueEPS2_E4typeES4_S4_S4_RSaIT0_E
FN:936,_ZSt14__relocate_a_1IPN7testing14TestPartResultES2_SaIS1_EET0_T_S5_S4_RT1_
FNDA:2,_ZSt14__relocate_a_1IPN7testing14TestPartResultES2_SaIS1_EET0_T_S5_S4_RT1_
FN:936,_ZSt14__relocate_a_1IPN7testing8internal9TraceInfoES3_SaIS2_EET0_T_S6_S5_RT1_
FNDA:0,_ZSt14__relocate_a_1IPN7testing8internal9TraceInfoES3_SaIS2_EET0_T_S6_S5_RT1_
FN:936,_ZSt14__relocate_a_1IPN7testing12TestPropertyES2_SaIS1_EET0_T_S5_S4_RT1_
FNDA:0,_ZSt14__relocate_a_1IPN7testing12TestPropertyES2_SaIS1_EET0_T_S5_S4_RT1_
FN:936,_ZSt14__relocate_a_1IPNSt7__cxx1112basic_stringIcSt11char_traitsIcESaIcEEES6_SaIS5_EET0_T_S9_S8_RT1_
FNDA:110,_ZSt14__relocate_a_1IPNSt7__cxx1112basic_stringIcSt11char_traitsIcESaIcEEES6_SaIS5_EET0_T_S9_S8_RT1_
FN:958,_ZSt12__relocate_aIPiS0_SaIiEET0_T_S3_S2_RT1_
FNDA:48,_ZSt12__relocate_aIPiS0_SaIiEET0_T_S3_S2_RT1_
FN:958,_ZSt12__relocate_aIPmS0_SaImEET0_T_S3_S2_RT1_
FNDA:0,_ZSt12__relocate_aIPmS0_SaImEET0_T_S3_S2_RT1_
FN:958,_ZSt12__relocate_aIPPcS1_SaIS0_EET0_T_S4_S3_RT1_
FNDA:0,_ZSt12__relocate_aIPPcS1_SaIS0_EET0_T_S4_S3_RT1_
FN:958,_ZSt12__relocate_aIPNSt7__cxx1112basic_stringIcSt11char_traitsIcESaIcEEES6_SaIS5_EET0_T_S9_S8_RT1_
FNDA:110,_ZSt12__relocate_aIPNSt7__cxx1112basic_stringIcSt11char_traitsIcESaIcEEES6_SaIS5_EET0_T_S9_S8_RT1_
FN:958,_ZSt12__relocate_aIPPN7testing9TestSuiteES3_SaIS2_EET0_T_S6_S5_RT1_
FNDA:20,_ZSt12__relocate_aIPPN7testing9TestSuiteES3_SaIS2_EET0_T_S6_S5_RT1_
FN:958,_ZSt12__relocate_aIPN7testing8internal9TraceInfoES3_SaIS2_EET0_T_S6_S5_RT1_
FNDA:0,_ZSt12__relocate_aIPN7testing8internal9TraceInfoES3_SaIS2_EET0_T_S6_S5_RT1_
FN:958,_ZSt12__relocate_aIPPN7testing11EnvironmentES3_SaIS2_EET0_T_S6_S5_RT1_
FNDA:0,_ZSt12__relocate_aIPPN7testing11EnvironmentES3_SaIS2_EET0_T_S6_S5_RT1_
FN:958,_ZSt12__relocate_aIPPN7testing17TestEventListenerES3_SaIS2_EET0_T_S6_S5_RT1_
FNDA:10,_ZSt12__relocate_aIPPN7testing17TestEventListenerES3_SaIS2_EET0_T_S6_S5_RT1_
FN:958,_ZSt12__relocate_aIPN7testing14TestPartResultES2_SaIS1_EET0_T_S5_S4_RT1_
FNDA:2,_ZSt12__relocate_aIPN7testing14TestPartResultES2_SaIS1_EET0_T_S5_S4_RT1_
FN:958,_ZSt12__relocate_aIPPN7testing8TestInfoES3_SaIS2_EET0_T_S6_S5_RT1_
FNDA:28,_ZSt12__relocate_aIPPN7testing8TestInfoES3_SaIS2_EET0_T_S6_S5_RT1_
FN:958,_ZSt12__relocate_aIPN7testing8internal13edit_distance8EditTypeES4_SaIS3_EET0_T_S7_S6_RT1_
FNDA:0,_ZSt12__relocate_aIPN7testing8internal13edit_distance8EditTypeES4_SaIS3_EET0_T_S7_S6_RT1_
FN:958,_ZSt12__relocate_aIPN7testing12TestPropertyES2_SaIS1_EET0_T_S5_S4_RT1_
FNDA:0,_ZSt12__relocate_aIPN7testing12TestPropertyES2_SaIS1_EET0_T_S5_S4_RT1_
DA:76,0
DA:79,0
DA:82,0
DA:83,0
DA:84,0
DA:86,0
DA:88,0
DA:89,0
DA:76,0
DA:79,0
DA:82,0
DA:83,0
DA:84,0
DA:86,0
DA:88,0
DA:89,0
DA:76,0
DA:79,0
DA:82,0
DA:83,0
DA:84,0
DA:86,0
DA:88,0
DA:89,0
DA:76,0
DA:79,0
DA:82,0
DA:83,0
DA:84,0
DA:86,0
DA:88,0
DA:89,0
DA:76,0
DA:79,0
DA:82,0
DA:83,0
DA:84,0
DA:86,0
DA:88,0
DA:89,0
DA:76,10
DA:79,10
DA:82,15
DA:83,5
DA:84,10
DA:86,0
DA:88,0
DA:89,0
DA:99,0
DA:101,0
DA:99,0
DA:101,0
DA:99,0
DA:101,0
DA:99,0
DA:101,0
DA:99,0
DA:101,0
DA:99,0
DA:101,0
DA:99,0
DA:101,0
DA:99,0
DA:101,0
DA:99,0
DA:101,0
DA:99,0
DA:101,0
DA:115,0
DA:134,0
DA:140,0
DA:115,0
DA:134,0
DA:140,0
DA:115,0
DA:134,0
DA:140,0
DA:115,0
DA:134,0
DA:140,0
DA:115,0
DA:134,0
DA:140,0
DA:115,0
DA:134,0
DA:140,0
DA:115,0
DA:134,0
DA:140,0
DA:115,0
DA:134,0
DA:140,0
DA:115,0
DA:134,0
DA:140,0
DA:115,0
DA:134,0
DA:140,0
DA:115,0
DA:134,0
DA:140,0
DA:115,0
DA:134,0
DA:140,0
DA:115,0
DA:134,0
DA:140,0
DA:115,0
DA:134,0
DA:140,0
DA:115,0
DA:134,0
DA:140,0
DA:115,10
DA:134,10
DA:140,10
DA:215,0
DA:218,0
DA:221,0
DA:222,0
DA:223,0
DA:225,0
DA:227,0
DA:228,0
DA:215,0
DA:218,0
DA:221,0
DA:222,0
DA:223,0
DA:225,0
DA:227,0
DA:228,0
DA:256,0
DA:270,0
DA:273,0
DA:256,0
DA:270,0
DA:273,0
DA:305,0
DA:307,0
DA:305,0
DA:307,0
DA:305,0
DA:307,0
DA:305,0
DA:307,0
DA:305,0
DA:307,0
DA:305,0
DA:307,0
DA:305,0
DA:307,0
DA:305,0
DA:307,0
DA:305,0
DA:307,0
DA:305,0
DA:307,0
DA:305,0
DA:307,0
DA:305,0
DA:307,0
DA:305,0
DA:307,0
DA:305,0
DA:307,0
DA:305,0
DA:307,0
DA:305,10
DA:307,10
DA:323,0
DA:329,0
DA:330,0
DA:323,0
DA:329,0
DA:330,0
DA:323,0
DA:329,0
DA:330,0
DA:323,0
DA:329,0
DA:330,0
DA:323,0
DA:329,0
DA:330,0
DA:323,0
DA:329,0
DA:330,0
DA:323,0
DA:329,0
DA:330,0
DA:323,0
DA:329,0
DA:330,0
DA:323,0
DA:329,0
DA:330,0
DA:323,0
DA:329,0
DA:330,0
DA:323,0
DA:329,0
DA:330,0
DA:323,0
DA:329,0
DA:330,0
DA:382,0
DA:384,0
DA:382,0
DA:384,0
DA:561,0
DA:566,0
DA:561,0
DA:566,0
DA:592,0
DA:597,0
DA:601,0
DA:592,0
DA:597,0
DA:601,0
DA:661,0
DA:663,0
DA:661,0
DA:663,0
DA:905,0
DA:912,0
DA:913,0
DA:914,0
DA:905,0
DA:912,0
DA:913,0
DA:914,0
DA:905,0
DA:912,0
DA:913,0
DA:914,0
DA:905,15
DA:912,15
DA:913,15
DA:914,15
DA:924,48
DA:927,48
DA:928,48
DA:929,9
DA:930,48
DA:924,0
DA:927,0
DA:928,0
DA:929,0
DA:930,0
DA:924,0
DA:927,0
DA:928,0
DA:929,0
DA:930,0
DA:924,20
DA:927,20
DA:928,20
DA:929,5
DA:930,20
DA:924,0
DA:927,0
DA:928,0
DA:929,0
DA:930,0
DA:924,10
DA:927,10
DA:928,10
DA:929,0
DA:930,10
DA:924,28
DA:927,28
DA:928,28
DA:929,4
DA:930,28
DA:924,0
DA:927,0
DA:928,0
DA:929,0
DA:930,0
DA:936,0
DA:948,0
DA:949,0
DA:950,0
DA:952,0
DA:936,0
DA:948,0
DA:949,0
DA:950,0
DA:952,0
DA:936,2
DA:948,2
DA:949,2
DA:950,0
DA:952,2
DA:936,110
DA:948,110
DA:949,125
DA:950,15
DA:952,110
DA:958,48
DA:964,48
DA:966,48
DA:958,0
DA:964,0
DA:966,0
DA:958,0
DA:964,0
DA:966,0
DA:958,20
DA:964,20
DA:966,20
DA:958,0
DA:964,0
DA:966,0
DA:958,0
DA:964,0
DA:966,0
DA:958,10
DA:964,10
DA:966,10
DA:958,28
DA:964,28
DA:966,28
DA:958,0
DA:964,0
DA:966,0
DA:958,0
DA:964,0
DA:966,0
DA:958,2
DA:964,2
DA:966,2
DA:958,110
DA:964,110
DA:966,110
end_of_record
SF:/usr/include/c++/9/bits/allocator.h
FN:137,_ZNSaIPN7testing17TestEventListenerEEC2Ev
FNDA:5,_ZNSaIPN7testing17TestEventListenerEEC2Ev
FN:137,_ZNSaIPN7testing8internal30ParameterizedTestSuiteInfoBaseEEC2Ev
FNDA:5,_ZNSaIPN7testing8internal30ParameterizedTestSuiteInfoBaseEEC2Ev
FN:137,_ZNSaIPcEC2Ev
FNDA:0,_ZNSaIPcEC2Ev
FN:137,_ZNSaISt13_Rb_tree_nodeINSt7__cxx1112basic_stringIcSt11char_traitsIcESaIcEEEEEC2Ev
FNDA:5,_ZNSaISt13_Rb_tree_nodeINSt7__cxx1112basic_stringIcSt11char_traitsIcESaIcEEEEEC2Ev
FN:137,_ZNSaIN7testing14TestPartResultEEC2Ev
FNDA:29,_ZNSaIN7testing14TestPartResultEEC2Ev
FN:137,_ZNSaImEC2Ev
FNDA:0,_ZNSaImEC2Ev
FN:137,_ZNSaISt13_Rb_tree_nodeISt4pairIKNSt7__cxx1112basic_stringIcSt11char_traitsIcESaIcEEEmEEEC2Ev
FNDA:0,_ZNSaISt13_Rb_tree_nodeISt4pairIKNSt7__cxx1112basic_stringIcSt11char_traitsIcESaIcEEEmEEEC2Ev
FN:137,_ZNSaISt10_List_nodeISt4pairIcPKcEEEC2Ev
FNDA:0,_ZNSaISt10_List_nodeISt4pairIcPKcEEEC2Ev
FN:137,_ZNSaIN7testing12TestPropertyEEC2Ev
FNDA:29,_ZNSaIN7testing12TestPropertyEEC2Ev
FN:137,_ZNSaIPN7testing8TestInfoEEC2Ev
FNDA:10,_ZNSaIPN7testing8TestInfoEEC2Ev
FN:137,_ZNSaIiEC2Ev
FNDA:15,_ZNSaIiEC2Ev
FN:137,_ZNSaIPN7testing11EnvironmentEEC2Ev
FNDA:5,_ZNSaIPN7testing11EnvironmentEEC2Ev
FN:137,_ZNSaIPN7testing9TestSuiteEEC2Ev
FNDA:5,_ZNSaIPN7testing9TestSuiteEEC2Ev
FN:137,_ZNSaISt13_Rb_tree_nodeISt4pairIKNSt7__cxx1112basic_stringIcSt11char_traitsIcESaIcEEEN7testing8internal34TypeParameterizedTestSuiteRegistry30TypeParameterizedTestSuiteInfoEEEEC2Ev
FNDA:5,_ZNSaISt13_Rb_tree_nodeISt4pairIKNSt7__cxx1112basic_stringIcSt11char_traitsIcESaIcEEEN7testing8internal34TypeParameterizedTestSuiteRegistry30TypeParameterizedTestSuiteInfoEEEEC2Ev
FN:137,_ZNSaIN7testing8internal9TraceInfoEEC2Ev
FNDA:1,_ZNSaIN7testing8internal9TraceInfoEEC2Ev
FN:137,_ZNSaINSt7__cxx1112basic_stringIcSt11char_traitsIcESaIcEEEEC2Ev
FNDA:85,_ZNSaINSt7__cxx1112basic_stringIcSt11char_traitsIcESaIcEEEEC2Ev
FN:137,_ZNSaINSt8__detail10_Hash_nodeINSt7__cxx1112basic_stringIcSt11char_traitsIcESaIcEEELb1EEEEC2Ev
FNDA:30,_ZNSaINSt8__detail10_Hash_nodeINSt7__cxx1112basic_stringIcSt11char_traitsIcESaIcEEELb1EEEEC2Ev
FN:137,_ZNSaIdEC2Ev
FNDA:0,_ZNSaIdEC2Ev
FN:137,_ZNSaISt6vectorIdSaIdEEEC2Ev
FNDA:0,_ZNSaISt6vectorIdSaIdEEEC2Ev
FN:137,_ZNSaIN7testing8internal13edit_distance8EditTypeEEC2Ev
FNDA:0,_ZNSaIN7testing8internal13edit_distance8EditTypeEEC2Ev
FN:137,_ZNSaISt6vectorIN7testing8internal13edit_distance8EditTypeESaIS3_EEEC2Ev
FNDA:0,_ZNSaISt6vectorIN7testing8internal13edit_distance8EditTypeESaIS3_EEEC2Ev
FN:140,_ZNSaIN7testing8internal13edit_distance8EditTypeEEC2ERKS3_
FNDA:0,_ZNSaIN7testing8internal13edit_distance8EditTypeEEC2ERKS3_
FN:140,_ZNSaINSt7__cxx1112basic_stringIcSt11char_traitsIcESaIcEEEEC2ERKS5_
FNDA:30,_ZNSaINSt7__cxx1112basic_stringIcSt11char_traitsIcESaIcEEEEC2ERKS5_
FN:140,_ZNSaIdEC2ERKS_
FNDA:0,_ZNSaIdEC2ERKS_
FN:140,_ZNSaISt6vectorIdSaIdEEEC2ERKS2_
FNDA:0,_ZNSaISt6vectorIdSaIdEEEC2ERKS2_
FN:140,_ZNSaISt6vectorIN7testing8internal13edit_distance8EditTypeESaIS3_EEEC2ERKS6_
FNDA:0,_ZNSaISt6vectorIN7testing8internal13edit_distance8EditTypeESaIS3_EEEC2ERKS6_
FN:150,_ZNSaIPNSt8__detail15_Hash_node_baseEEC2INS_10_Hash_nodeINSt7__cxx1112basic_stringIcSt11char_traitsIcESaIcEEELb1EEEEERKSaIT_E
FNDA:0,_ZNSaIPNSt8__detail15_Hash_node_baseEEC2INS_10_Hash_nodeINSt7__cxx1112basic_stringIcSt11char_traitsIcESaIcEEELb1EEEEERKSaIT_E
FN:152,_ZNSaIPN7testing9TestSuiteEED2Ev
FNDA:5,_ZNSaIPN7testing9TestSuiteEED2Ev
FN:152,_ZNSaIPcED2Ev
FNDA:0,_ZNSaIPcED2Ev
FN:152,_ZNSaISt13_Rb_tree_nodeINSt7__cxx1112basic_stringIcSt11char_traitsIcESaIcEEEEED2Ev
FNDA:5,_ZNSaISt13_Rb_tree_nodeINSt7__cxx1112basic_stringIcSt11char_traitsIcESaIcEEEEED2Ev
FN:152,_ZNSaINSt8__detail10_Hash_nodeINSt7__cxx1112basic_stringIcSt11char_traitsIcESaIcEEELb1EEEED2Ev
FNDA:30,_ZNSaINSt8__detail10_Hash_nodeINSt7__cxx1112basic_stringIcSt11char_traitsIcESaIcEEELb1EEEED2Ev
FN:152,_ZNSaINSt7__cxx1112basic_stringIcSt11char_traitsIcESaIcEEEED2Ev
FNDA:115,_ZNSaINSt7__cxx1112basic_stringIcSt11char_traitsIcESaIcEEEED2Ev
FN:152,_ZNSaIdED2Ev
FNDA:0,_ZNSaIdED2Ev
FN:152,_ZNSaISt6vectorIdSaIdEEED2Ev
FNDA:0,_ZNSaISt6vectorIdSaIdEEED2Ev
FN:152,_ZNSaIPN7testing8internal30ParameterizedTestSuiteInfoBaseEED2Ev
FNDA:5,_ZNSaIPN7testing8internal30ParameterizedTestSuiteInfoBaseEED2Ev
FN:152,_ZNSaIN7testing14TestPartResultEED2Ev
FNDA:29,_ZNSaIN7testing14TestPartResultEED2Ev
FN:152,_ZNSaIN7testing8internal13edit_distance8EditTypeEED2Ev
FNDA:0,_ZNSaIN7testing8internal13edit_distance8EditTypeEED2Ev
FN:152,_ZNSaISt6vectorIN7testing8internal13edit_distance8EditTypeESaIS3_EEED2Ev
FNDA:0,_ZNSaISt6vectorIN7testing8internal13edit_distance8EditTypeESaIS3_EEED2Ev
FN:152,_ZNSaImED2Ev
FNDA:0,_ZNSaImED2Ev
FN:152,_ZNSaISt13_Rb_tree_nodeISt4pairIKNSt7__cxx1112basic_stringIcSt11char_traitsIcESaIcEEEmEEED2Ev
FNDA:0,_ZNSaISt13_Rb_tree_nodeISt4pairIKNSt7__cxx1112basic_stringIcSt11char_traitsIcESaIcEEEmEEED2Ev
FN:152,_ZNSaISt10_List_nodeISt4pairIcPKcEEED2Ev
FNDA:0,_ZNSaISt10_List_nodeISt4pairIcPKcEEED2Ev
FN:152,_ZNSaIN7testing12TestPropertyEED2Ev
FNDA:29,_ZNSaIN7testing12TestPropertyEED2Ev
FN:152,_ZNSaIPN7testing8TestInfoEED2Ev
FNDA:10,_ZNSaIPN7testing8TestInfoEED2Ev
FN:152,_ZNSaIiED2Ev
FNDA:15,_ZNSaIiED2Ev
FN:152,_ZNSaIPN7testing17TestEventListenerEED2Ev
FNDA:5,_ZNSaIPN7testing17TestEventListenerEED2Ev
FN:152,_ZNSaIPN7testing11EnvironmentEED2Ev
FNDA:5,_ZNSaIPN7testing11EnvironmentEED2Ev
FN:152,_ZNSaISt13_Rb_tree_nodeISt4pairIKNSt7__cxx1112basic_stringIcSt11char_traitsIcESaIcEEEN7testing8internal34TypeParameterizedTestSuiteRegistry30TypeParameterizedTestSuiteInfoEEEED2Ev
FNDA:5,_ZNSaISt13_Rb_tree_nodeISt4pairIKNSt7__cxx1112basic_stringIcSt11char_traitsIcESaIcEEEN7testing8internal34TypeParameterizedTestSuiteRegistry30TypeParameterizedTestSuiteInfoEEEED2Ev
FN:152,_ZNSaIPNSt8__detail15_Hash_node_baseEED2Ev
FNDA:0,_ZNSaIPNSt8__detail15_Hash_node_baseEED2Ev
FN:152,_ZNSaIN7testing8internal9TraceInfoEED2Ev
FNDA:1,_ZNSaIN7testing8internal9TraceInfoEED2Ev
FN:237,_ZNSt11__alloc_neqISaISt10_List_nodeISt4pairIcPKcEEELb1EE8_S_do_itERKS6_S9_
FNDA:0,_ZNSt11__alloc_neqISaISt10_List_nodeISt4pairIcPKcEEELb1EE8_S_do_itERKS6_S9_
DA:137,0
DA:137,85
DA:137,30
DA:137,0
DA:137,0
DA:137,0
DA:137,0
DA:137,29
DA:137,5
DA:137,0
DA:137,5
DA:137,1
DA:137,0
DA:137,0
DA:137,29
DA:137,10
DA:137,15
DA:137,5
DA:137,5
DA:137,5
DA:137,5
DA:140,0
DA:141,0
DA:140,0
DA:141,0
DA:140,0
DA:141,0
DA:140,0
DA:141,0
DA:140,30
DA:141,30
DA:150,0
DA:152,0
DA:152,29
DA:152,5
DA:152,115
DA:152,0
DA:152,5
DA:152,30
DA:152,0
DA:152,0
DA:152,0
DA:152,0
DA:152,1
DA:152,0
DA:152,0
DA:152,29
DA:152,10
DA:152,15
DA:152,5
DA:152,5
DA:152,5
DA:152,5
DA:152,0
DA:237,0
DA:238,0
end_of_record
SF:/usr/include/c++/9/tuple
FN:76,_ZNSt10_Head_baseILm1ESt14default_deleteINSt7__cxx1112basic_stringIcSt11char_traitsIcESaIcEEEELb1EEC2Ev
FNDA:11,_ZNSt10_Head_baseILm1ESt14default_deleteINSt7__cxx1112basic_stringIcSt11char_traitsIcESaIcEEEELb1EEC2Ev
FN:76,_ZNSt10_Head_baseILm1ESt14default_deleteIN7testing8internal11ThreadLocalISt6vectorINS2_9TraceInfoESaIS5_EEE18ValueHolderFactoryEELb1EEC2Ev
FNDA:5,_ZNSt10_Head_baseILm1ESt14default_deleteIN7testing8internal11ThreadLocalISt6vectorINS2_9TraceInfoESaIS5_EEE18ValueHolderFactoryEELb1EEC2Ev
FN:76,_ZNSt10_Head_baseILm1ESt14default_deleteIN7testing8internal11ThreadLocalIPNS1_31TestPartResultReporterInterfaceEE18ValueHolderFactoryEELb1EEC2Ev
FNDA:5,_ZNSt10_Head_baseILm1ESt14default_deleteIN7testing8internal11ThreadLocalIPNS1_31TestPartResultReporterInterfaceEE18ValueHolderFactoryEELb1EEC2Ev
FN:76,_ZNSt10_Head_baseILm1ESt14default_deleteINSt7__cxx1118basic_stringstreamIcSt11char_traitsIcESaIcEEEELb1EEC2Ev
FNDA:293,_ZNSt10_Head_baseILm1ESt14default_deleteINSt7__cxx1118basic_stringstreamIcSt11char_traitsIcESaIcEEEELb1EEC2Ev
FN:76,_ZNSt10_Head_baseILm1ESt14default_deleteIN7testing8internal17StreamingListener20AbstractSocketWriterEELb1EEC2Ev
FNDA:0,_ZNSt10_Head_baseILm1ESt14default_deleteIN7testing8internal17StreamingListener20AbstractSocketWriterEELb1EEC2Ev
FN:76,_ZNSt10_Head_baseILm1ESt14default_deleteIN7testing8internal14GTestFlagSaverEELb1EEC2Ev
FNDA:14,_ZNSt10_Head_baseILm1ESt14default_deleteIN7testing8internal14GTestFlagSaverEELb1EEC2Ev
FN:76,_ZNSt10_Head_baseILm1ESt14default_deleteIKNSt7__cxx1112basic_stringIcSt11char_traitsIcESaIcEEEELb1EEC2Ev
FNDA:38,_ZNSt10_Head_baseILm1ESt14default_deleteIKNSt7__cxx1112basic_stringIcSt11char_traitsIcESaIcEEEELb1EEC2Ev
FN:76,_ZNSt10_Head_baseILm1ESt14default_deleteIN7testing8internal24InternalRunDeathTestFlagEELb1EEC2Ev
FNDA:5,_ZNSt10_Head_baseILm1ESt14default_deleteIN7testing8internal24InternalRunDeathTestFlagEELb1EEC2Ev
FN:76,_ZNSt10_Head_baseILm1ESt14default_deleteIN7testing8internal16DeathTestFactoryEELb1EEC2Ev
FNDA:5,_ZNSt10_Head_baseILm1ESt14default_deleteIN7testing8internal16DeathTestFactoryEELb1EEC2Ev
FN:113,_ZNSt10_Head_baseILm1ESt14default_deleteIN7testing8internal17StreamingListener20AbstractSocketWriterEELb1EE7_M_headERS6_
FNDA:0,_ZNSt10_Head_baseILm1ESt14default_deleteIN7testing8internal17StreamingListener20AbstractSocketWriterEELb1EE7_M_headERS6_
FN:113,_ZNSt10_Head_baseILm1ESt14default_deleteIN7testing8internal11ThreadLocalISt6vectorINS2_9TraceInfoESaIS5_EEE18ValueHolderFactoryEELb1EE7_M_headERSB_
FNDA:5,_ZNSt10_Head_baseILm1ESt14default_deleteIN7testing8internal11ThreadLocalISt6vectorINS2_9TraceInfoESaIS5_EEE18ValueHolderFactoryEELb1EE7_M_headERSB_
FN:113,_ZNSt10_Head_baseILm1ESt14default_deleteIN7testing8internal11ThreadLocalIPNS1_31TestPartResultReporterInterfaceEE18ValueHolderFactoryEELb1EE7_M_headERS9_
FNDA:5,_ZNSt10_Head_baseILm1ESt14default_deleteIN7testing8internal11ThreadLocalIPNS1_31TestPartResultReporterInterfaceEE18ValueHolderFactoryEELb1EE7_M_headERS9_
FN:113,_ZNSt10_Head_baseILm1ESt14default_deleteIN7testing8internal24InternalRunDeathTestFlagEELb1EE7_M_headERS5_
FNDA:0,_ZNSt10_Head_baseILm1ESt14default_deleteIN7testing8internal24InternalRunDeathTestFlagEELb1EE7_M_headERS5_
FN:113,_ZNSt10_Head_baseILm1ESt14default_deleteIN7testing8internal14GTestFlagSaverEELb1EE7_M_headERS5_
FNDA:14,_ZNSt10_Head_baseILm1ESt14default_deleteIN7testing8internal14GTestFlagSaverEELb1EE7_M_headERS5_
FN:113,_ZNSt10_Head_baseILm1ESt14default_deleteINSt7__cxx1112basic_stringIcSt11char_traitsIcESaIcEEEELb1EE7_M_headERS8_
FNDA:0,_ZNSt10_Head_baseILm1ESt14default_deleteINSt7__cxx1112basic_stringIcSt11char_traitsIcESaIcEEEELb1EE7_M_headERS8_
FN:113,_ZNSt10_Head_baseILm1ESt14default_deleteIKNSt7__cxx1112basic_stringIcSt11char_traitsIcESaIcEEEELb1EE7_M_headERS9_
FNDA:0,_ZNSt10_Head_baseILm1ESt14default_deleteIKNSt7__cxx1112basic_stringIcSt11char_traitsIcESaIcEEEELb1EE7_M_headERS9_
FN:113,_ZNSt10_Head_baseILm1ESt14default_deleteINSt7__cxx1118basic_stringstreamIcSt11char_traitsIcESaIcEEEELb1EE7_M_headERS8_
FNDA:0,_ZNSt10_Head_baseILm1ESt14default_deleteINSt7__cxx1118basic_stringstreamIcSt11char_traitsIcESaIcEEEELb1EE7_M_headERS8_
FN:113,_ZNSt10_Head_baseILm1ESt14default_deleteIN7testing8internal16DeathTestFactoryEELb1EE7_M_headERS5_
FNDA:5,_ZNSt10_Head_baseILm1ESt14default_deleteIN7testing8internal16DeathTestFactoryEELb1EE7_M_headERS5_
FN:122,_ZNSt10_Head_baseILm0EPN7testing8internal11ThreadLocalISt6vectorINS1_9TraceInfoESaIS4_EEE18ValueHolderFactoryELb0EEC2Ev
FNDA:5,_ZNSt10_Head_baseILm0EPN7testing8internal11ThreadLocalISt6vectorINS1_9TraceInfoESaIS4_EEE18ValueHolderFactoryELb0EEC2Ev
FN:122,_ZNSt10_Head_baseILm0EPN7testing8internal11ThreadLocalIPNS0_31TestPartResultReporterInterfaceEE18ValueHolderFactoryELb0EEC2Ev
FNDA:5,_ZNSt10_Head_baseILm0EPN7testing8internal11ThreadLocalIPNS0_31TestPartResultReporterInterfaceEE18ValueHolderFactoryELb0EEC2Ev
FN:122,_ZNSt10_Head_baseILm0EPNSt7__cxx1118basic_stringstreamIcSt11char_traitsIcESaIcEEELb0EEC2Ev
FNDA:293,_ZNSt10_Head_baseILm0EPNSt7__cxx1118basic_stringstreamIcSt11char_traitsIcESaIcEEELb0EEC2Ev
FN:122,_ZNSt10_Head_baseILm0EPN7testing8internal17StreamingListener20AbstractSocketWriterELb0EEC2Ev
FNDA:0,_ZNSt10_Head_baseILm0EPN7testing8internal17StreamingListener20AbstractSocketWriterELb0EEC2Ev
FN:122,_ZNSt10_Head_baseILm0EPN7testing8internal14GTestFlagSaverELb0EEC2Ev
FNDA:14,_ZNSt10_Head_baseILm0EPN7testing8internal14GTestFlagSaverELb0EEC2Ev
FN:122,_ZNSt10_Head_baseILm0EPKNSt7__cxx1112basic_stringIcSt11char_traitsIcESaIcEEELb0EEC2Ev
FNDA:38,_ZNSt10_Head_baseILm0EPKNSt7__cxx1112basic_stringIcSt11char_traitsIcESaIcEEELb0EEC2Ev
FN:122,_ZNSt10_Head_baseILm0EPN7testing8internal24InternalRunDeathTestFlagELb0EEC2Ev
FNDA:5,_ZNSt10_Head_baseILm0EPN7testing8internal24InternalRunDeathTestFlagELb0EEC2Ev
FN:122,_ZNSt10_Head_baseILm0EPNSt7__cxx1112basic_stringIcSt11char_traitsIcESaIcEEELb0EEC2Ev
FNDA:11,_ZNSt10_Head_baseILm0EPNSt7__cxx1112basic_stringIcSt11char_traitsIcESaIcEEELb0EEC2Ev
FN:122,_ZNSt10_Head_baseILm0EPN7testing8internal16DeathTestFactoryELb0EEC2Ev
FNDA:5,_ZNSt10_Head_baseILm0EPN7testing8internal16DeathTestFactoryELb0EEC2Ev
FN:125,_ZNSt10_Head_baseILm0ERKNSt7__cxx1112basic_stringIcSt11char_traitsIcESaIcEEELb0EEC2ES7_
FNDA:0,_ZNSt10_Head_baseILm0ERKNSt7__cxx1112basic_stringIcSt11char_traitsIcESaIcEEELb0EEC2ES7_
FN:132,_ZNSt10_Head_baseILm0EPKN7testing8internal11MatcherBaseIRKNSt7__cxx1112basic_stringIcSt11char_traitsIcESaIcEEEEELb0EEC2ISD_EEOT_
FNDA:0,_ZNSt10_Head_baseILm0EPKN7testing8internal11MatcherBaseIRKNSt7__cxx1112basic_stringIcSt11char_traitsIcESaIcEEEEELb0EEC2ISD_EEOT_
FN:132,_ZNSt10_Head_baseILm0EPKN7testing8internal11MatcherBaseINSt7__cxx1112basic_stringIcSt11char_traitsIcESaIcEEEEELb0EEC2ISB_EEOT_
FNDA:0,_ZNSt10_Head_baseILm0EPKN7testing8internal11MatcherBaseINSt7__cxx1112basic_stringIcSt11char_traitsIcESaIcEEEEELb0EEC2ISB_EEOT_
FN:132,_ZNSt10_Head_baseILm1EPKN7testing8internal9EqMatcherINSt7__cxx1112basic_stringIcSt11char_traitsIcESaIcEEEEELb0EEC2ISB_EEOT_
FNDA:0,_ZNSt10_Head_baseILm1EPKN7testing8internal9EqMatcherINSt7__cxx1112basic_stringIcSt11char_traitsIcESaIcEEEEELb0EEC2ISB_EEOT_
FN:160,_ZNSt10_Head_baseILm0EPNSt7__cxx1118basic_stringstreamIcSt11char_traitsIcESaIcEEELb0EE7_M_headERS7_
FNDA:0,_ZNSt10_Head_baseILm0EPNSt7__cxx1118basic_stringstreamIcSt11char_traitsIcESaIcEEELb0EE7_M_headERS7_
FN:160,_ZNSt10_Head_baseILm0EPN7testing8internal11ThreadLocalIPNS0_31TestPartResultReporterInterfaceEE18ValueHolderFactoryELb0EE7_M_headERS8_
FNDA:10,_ZNSt10_Head_baseILm0EPN7testing8internal11ThreadLocalIPNS0_31TestPartResultReporterInterfaceEE18ValueHolderFactoryELb0EE7_M_headERS8_
FN:160,_ZNSt10_Head_baseILm0EPN7testing8internal17StreamingListener20AbstractSocketWriterELb0EE7_M_headERS5_
FNDA:0,_ZNSt10_Head_baseILm0EPN7testing8internal17StreamingListener20AbstractSocketWriterELb0EE7_M_headERS5_
FN:160,_ZNSt10_Head_baseILm0ERKNSt7__cxx1112basic_stringIcSt11char_traitsIcESaIcEEELb0EE7_M_headERS8_
FNDA:0,_ZNSt10_Head_baseILm0ERKNSt7__cxx1112basic_stringIcSt11char_traitsIcESaIcEEELb0EE7_M_headERS8_
FN:160,_ZNSt10_Head_baseILm0EPN7testing8internal16DeathTestFactoryELb0EE7_M_headERS4_
FNDA:10,_ZNSt10_Head_baseILm0EPN7testing8internal16DeathTestFactoryELb0EE7_M_headERS4_
FN:160,_ZNSt10_Head_baseILm0EPN7testing8internal14GTestFlagSaverELb0EE7_M_headERS4_
FNDA:28,_ZNSt10_Head_baseILm0EPN7testing8internal14GTestFlagSaverELb0EE7_M_headERS4_
FN:160,_ZNSt10_Head_baseILm0EPNSt7__cxx1112basic_stringIcSt11char_traitsIcESaIcEEELb0EE7_M_headERS7_
FNDA:0,_ZNSt10_Head_baseILm0EPNSt7__cxx1112basic_stringIcSt11char_traitsIcESaIcEEELb0EE7_M_headERS7_
FN:160,_ZNSt10_Head_baseILm0EPKNSt7__cxx1112basic_stringIcSt11char_traitsIcESaIcEEELb0EE7_M_headERS8_
FNDA:76,_ZNSt10_Head_baseILm0EPKNSt7__cxx1112basic_stringIcSt11char_traitsIcESaIcEEELb0EE7_M_headERS8_
FN:160,_ZNSt10_Head_baseILm0EPKN7testing8internal11MatcherBaseINSt7__cxx1112basic_stringIcSt11char_traitsIcESaIcEEEEELb0EE7_M_headERSC_
FNDA:0,_ZNSt10_Head_baseILm0EPKN7testing8internal11MatcherBaseINSt7__cxx1112basic_stringIcSt11char_traitsIcESaIcEEEEELb0EE7_M_headERSC_
FN:160,_ZNSt10_Head_baseILm0EPN7testing8internal11ThreadLocalISt6vectorINS1_9TraceInfoESaIS4_EEE18ValueHolderFactoryELb0EE7_M_headERSA_
FNDA:10,_ZNSt10_Head_baseILm0EPN7testing8internal11ThreadLocalISt6vectorINS1_9TraceInfoESaIS4_EEE18ValueHolderFactoryELb0EE7_M_headERSA_
FN:160,_ZNSt10_Head_baseILm0EPN7testing8internal24InternalRunDeathTestFlagELb0EE7_M_headERS4_
FNDA:10,_ZNSt10_Head_baseILm0EPN7testing8internal24InternalRunDeathTestFlagELb0EE7_M_headERS4_
FN:160,_ZNSt10_Head_baseILm0EPKN7testing8internal11MatcherBaseIRKNSt7__cxx1112basic_stringIcSt11char_traitsIcESaIcEEEEELb0EE7_M_headERSE_
FNDA:0,_ZNSt10_Head_baseILm0EPKN7testing8internal11MatcherBaseIRKNSt7__cxx1112basic_stringIcSt11char_traitsIcESaIcEEEEELb0EE7_M_headERSE_
FN:163,_ZNSt10_Head_baseILm0EPN7testing8internal11ThreadLocalIPNS0_31TestPartResultReporterInterfaceEE18ValueHolderFactoryELb0EE7_M_headERKS8_
FNDA:1,_ZNSt10_Head_baseILm0EPN7testing8internal11ThreadLocalIPNS0_31TestPartResultReporterInterfaceEE18ValueHolderFactoryELb0EE7_M_headERKS8_
FN:163,_ZNSt10_Head_baseILm0EPNSt7__cxx1118basic_stringstreamIcSt11char_traitsIcESaIcEEELb0EE7_M_headERKS7_
FNDA:2957,_ZNSt10_Head_baseILm0EPNSt7__cxx1118basic_stringstreamIcSt11char_traitsIcESaIcEEELb0EE7_M_headERKS7_
FN:163,_ZNSt10_Head_baseILm0EPN7testing8internal16DeathTestFactoryELb0EE7_M_headERKS4_
FNDA:0,_ZNSt10_Head_baseILm0EPN7testing8internal16DeathTestFactoryELb0EE7_M_headERKS4_
FN:163,_ZNSt10_Head_baseILm0EPNSt7__cxx1112basic_stringIcSt11char_traitsIcESaIcEEELb0EE7_M_headERKS7_
FNDA:0,_ZNSt10_Head_baseILm0EPNSt7__cxx1112basic_stringIcSt11char_traitsIcESaIcEEELb0EE7_M_headERKS7_
FN:163,_ZNSt10_Head_baseILm0EPN7testing8internal24InternalRunDeathTestFlagELb0EE7_M_headERKS4_
FNDA:10,_ZNSt10_Head_baseILm0EPN7testing8internal24InternalRunDeathTestFlagELb0EE7_M_headERKS4_
FN:163,_ZNSt10_Head_baseILm0EPKNSt7__cxx1112basic_stringIcSt11char_traitsIcESaIcEEELb0EE7_M_headERKS8_
FNDA:28,_ZNSt10_Head_baseILm0EPKNSt7__cxx1112basic_stringIcSt11char_traitsIcESaIcEEELb0EE7_M_headERKS8_
FN:163,_ZNSt10_Head_baseILm0EPN7testing8internal11ThreadLocalISt6vectorINS1_9TraceInfoESaIS4_EEE18ValueHolderFactoryELb0EE7_M_headERKSA_
FNDA:1,_ZNSt10_Head_baseILm0EPN7testing8internal11ThreadLocalISt6vectorINS1_9TraceInfoESaIS4_EEE18ValueHolderFactoryELb0EE7_M_headERKSA_
FN:163,_ZNSt10_Head_baseILm0EPN7testing8internal17StreamingListener20AbstractSocketWriterELb0EE7_M_headERKS5_
FNDA:0,_ZNSt10_Head_baseILm0EPN7testing8internal17StreamingListener20AbstractSocketWriterELb0EE7_M_headERKS5_
FN:195,_ZNSt11_Tuple_implILm0EJPKN7testing8internal11MatcherBaseIRKNSt7__cxx1112basic_stringIcSt11char_traitsIcESaIcEEEEEPKNS1_9EqMatcherIS8_EEEE7_M_headERSI_
FNDA:0,_ZNSt11_Tuple_implILm0EJPKN7testing8internal11MatcherBaseIRKNSt7__cxx1112basic_stringIcSt11char_traitsIcESaIcEEEEEPKNS1_9EqMatcherIS8_EEEE7_M_headERSI_
FN:195,_ZNSt11_Tuple_implILm0EJPN7testing8internal17StreamingListener20AbstractSocketWriterESt14default_deleteIS3_EEE7_M_headERS7_
FNDA:0,_ZNSt11_Tuple_implILm0EJPN7testing8internal17StreamingListener20AbstractSocketWriterESt14default_deleteIS3_EEE7_M_headERS7_
FN:195,_ZNSt11_Tuple_implILm0EJPN7testing8internal14GTestFlagSaverESt14default_deleteIS2_EEE7_M_headERS6_
FNDA:28,_ZNSt11_Tuple_implILm0EJPN7testing8internal14GTestFlagSaverESt14default_deleteIS2_EEE7_M_headERS6_
FN:195,_ZNSt11_Tuple_implILm0EJPN7testing8internal24InternalRunDeathTestFlagESt14default_deleteIS2_EEE7_M_headERS6_
FNDA:10,_ZNSt11_Tuple_implILm0EJPN7testing8internal24InternalRunDeathTestFlagESt14default_deleteIS2_EEE7_M_headERS6_
FN:195,_ZNSt11_Tuple_implILm0EJPNSt7__cxx1112basic_stringIcSt11char_traitsIcESaIcEEESt14default_deleteIS5_EEE7_M_headERS9_
FNDA:0,_ZNSt11_Tuple_implILm0EJPNSt7__cxx1112basic_stringIcSt11char_traitsIcESaIcEEESt14default_deleteIS5_EEE7_M_headERS9_
FN:195,_ZNSt11_Tuple_implILm0EJPNSt7__cxx1118basic_stringstreamIcSt11char_traitsIcESaIcEEESt14default_deleteIS5_EEE7_M_headERS9_
FNDA:0,_ZNSt11_Tuple_implILm0EJPNSt7__cxx1118basic_stringstreamIcSt11char_traitsIcESaIcEEESt14default_deleteIS5_EEE7_M_headERS9_
FN:195,_ZNSt11_Tuple_implILm0EJPKNSt7__cxx1112basic_stringIcSt11char_traitsIcESaIcEEESt14default_deleteIS6_EEE7_M_headERSA_
FNDA:76,_ZNSt11_Tuple_implILm0EJPKNSt7__cxx1112basic_stringIcSt11char_traitsIcESaIcEEESt14default_deleteIS6_EEE7_M_headERSA_
FN:195,_ZNSt11_Tuple_implILm0EJPKN7testing8internal11MatcherBaseINSt7__cxx1112basic_stringIcSt11char_traitsIcESaIcEEEEEPKNS1_9EqMatcherIS8_EEEE7_M_headERSG_
FNDA:0,_ZNSt11_Tuple_implILm0EJPKN7testing8internal11MatcherBaseINSt7__cxx1112basic_stringIcSt11char_traitsIcESaIcEEEEEPKNS1_9EqMatcherIS8_EEEE7_M_headERSG_
FN:195,_ZNSt11_Tuple_implILm0EJPN7testing8internal16DeathTestFactoryESt14default_deleteIS2_EEE7_M_headERS6_
FNDA:10,_ZNSt11_Tuple_implILm0EJPN7testing8internal16DeathTestFactoryESt14default_deleteIS2_EEE7_M_headERS6_
FN:195,_ZNSt11_Tuple_implILm0EJPN7testing8internal11ThreadLocalIPNS0_31TestPartResultReporterInterfaceEE18ValueHolderFactoryESt14default_deleteIS6_EEE7_M_headERSA_
FNDA:10,_ZNSt11_Tuple_implILm0EJPN7testing8internal11ThreadLocalIPNS0_31TestPartResultReporterInterfaceEE18ValueHolderFactoryESt14default_deleteIS6_EEE7_M_headERSA_
FN:195,_ZNSt11_Tuple_implILm0EJPN7testing8internal11ThreadLocalISt6vectorINS1_9TraceInfoESaIS4_EEE18ValueHolderFactoryESt14default_deleteIS8_EEE7_M_headERSC_
FNDA:10,_ZNSt11_Tuple_implILm0EJPN7testing8internal11ThreadLocalISt6vectorINS1_9TraceInfoESaIS4_EEE18ValueHolderFactoryESt14default_deleteIS8_EEE7_M_headERSC_
FN:198,_ZNSt11_Tuple_implILm0EJPN7testing8internal11ThreadLocalIPNS0_31TestPartResultReporterInterfaceEE18ValueHolderFactoryESt14default_deleteIS6_EEE7_M_headERKSA_
FNDA:1,_ZNSt11_Tuple_implILm0EJPN7testing8internal11ThreadLocalIPNS0_31TestPartResultReporterInterfaceEE18ValueHolderFactoryESt14default_deleteIS6_EEE7_M_headERKSA_
FN:198,_ZNSt11_Tuple_implILm0EJPNSt7__cxx1112basic_stringIcSt11char_traitsIcESaIcEEESt14default_deleteIS5_EEE7_M_headERKS9_
FNDA:0,_ZNSt11_Tuple_implILm0EJPNSt7__cxx1112basic_stringIcSt11char_traitsIcESaIcEEESt14default_deleteIS5_EEE7_M_headERKS9_
FN:198,_ZNSt11_Tuple_implILm0EJPN7testing8internal11ThreadLocalISt6vectorINS1_9TraceInfoESaIS4_EEE18ValueHolderFactoryESt14default_deleteIS8_EEE7_M_headERKSC_
FNDA:1,_ZNSt11_Tuple_implILm0EJPN7testing8internal11ThreadLocalISt6vectorINS1_9TraceInfoESaIS4_EEE18ValueHolderFactoryESt14default_deleteIS8_EEE7_M_headERKSC_
FN:198,_ZNSt11_Tuple_implILm0EJPKNSt7__cxx1112basic_stringIcSt11char_traitsIcESaIcEEESt14default_deleteIS6_EEE7_M_headERKSA_
FNDA:28,_ZNSt11_Tuple_implILm0EJPKNSt7__cxx1112basic_stringIcSt11char_traitsIcESaIcEEESt14default_deleteIS6_EEE7_M_headERKSA_
FN:198,_ZNSt11_Tuple_implILm0EJPN7testing8internal24InternalRunDeathTestFlagESt14default_deleteIS2_EEE7_M_headERKS6_
FNDA:10,_ZNSt11_Tuple_implILm0EJPN7testing8internal24InternalRunDeathTestFlagESt14default_deleteIS2_EEE7_M_headERKS6_
FN:198,_ZNSt11_Tuple_implILm0EJPN7testing8internal16DeathTestFactoryESt14default_deleteIS2_EEE7_M_headERKS6_
FNDA:0,_ZNSt11_Tuple_implILm0EJPN7testing8internal16DeathTestFactoryESt14default_deleteIS2_EEE7_M_headERKS6_
FN:198,_ZNSt11_Tuple_implILm0EJPN7testing8internal17StreamingListener20AbstractSocketWriterESt14default_deleteIS3_EEE7_M_headERKS7_
FNDA:0,_ZNSt11_Tuple_implILm0EJPN7testing8internal17StreamingListener20AbstractSocketWriterESt14default_deleteIS3_EEE7_M_headERKS7_
FN:198,_ZNSt11_Tuple_implILm0EJPNSt7__cxx1118basic_stringstreamIcSt11char_traitsIcESaIcEEESt14default_deleteIS5_EEE7_M_headERKS9_
FNDA:2957,_ZNSt11_Tuple_implILm0EJPNSt7__cxx1118basic_stringstreamIcSt11char_traitsIcESaIcEEESt14default_deleteIS5_EEE7_M_headERKS9_
FN:206,_ZNSt11_Tuple_implILm0EJPN7testing8internal11ThreadLocalIPNS0_31TestPartResultReporterInterfaceEE18ValueHolderFactoryESt14default_deleteIS6_EEEC2Ev
FNDA:5,_ZNSt11_Tuple_implILm0EJPN7testing8internal11ThreadLocalIPNS0_31TestPartResultReporterInterfaceEE18ValueHolderFactoryESt14default_deleteIS6_EEEC2Ev
FN:206,_ZNSt11_Tuple_implILm0EJPN7testing8internal11ThreadLocalISt6vectorINS1_9TraceInfoESaIS4_EEE18ValueHolderFactoryESt14default_deleteIS8_EEEC2Ev
FNDA:5,_ZNSt11_Tuple_implILm0EJPN7testing8internal11ThreadLocalISt6vectorINS1_9TraceInfoESaIS4_EEE18ValueHolderFactoryESt14default_deleteIS8_EEEC2Ev
FN:206,_ZNSt11_Tuple_implILm0EJPN7testing8internal24InternalRunDeathTestFlagESt14default_deleteIS2_EEEC2Ev
FNDA:5,_ZNSt11_Tuple_implILm0EJPN7testing8internal24InternalRunDeathTestFlagESt14default_deleteIS2_EEEC2Ev
FN:206,_ZNSt11_Tuple_implILm0EJPN7testing8internal16DeathTestFactoryESt14default_deleteIS2_EEEC2Ev
FNDA:5,_ZNSt11_Tuple_implILm0EJPN7testing8internal16DeathTestFactoryESt14default_deleteIS2_EEEC2Ev
FN:206,_ZNSt11_Tuple_implILm0EJPKNSt7__cxx1112basic_stringIcSt11char_traitsIcESaIcEEESt14default_deleteIS6_EEEC2Ev
FNDA:38,_ZNSt11_Tuple_implILm0EJPKNSt7__cxx1112basic_stringIcSt11char_traitsIcESaIcEEESt14default_deleteIS6_EEEC2Ev
FN:206,_ZNSt11_Tuple_implILm0EJPN7testing8internal14GTestFlagSaverESt14default_deleteIS2_EEEC2Ev
FNDA:14,_ZNSt11_Tuple_implILm0EJPN7testing8internal14GTestFlagSaverESt14default_deleteIS2_EEEC2Ev
FN:206,_ZNSt11_Tuple_implILm0EJPN7testing8internal17StreamingListener20AbstractSocketWriterESt14default_deleteIS3_EEEC2Ev
FNDA:0,_ZNSt11_Tuple_implILm0EJPN7testing8internal17StreamingListener20AbstractSocketWriterESt14default_deleteIS3_EEEC2Ev
FN:206,_ZNSt11_Tuple_implILm0EJPNSt7__cxx1118basic_stringstreamIcSt11char_traitsIcESaIcEEESt14default_deleteIS5_EEEC2Ev
FNDA:293,_ZNSt11_Tuple_implILm0EJPNSt7__cxx1118basic_stringstreamIcSt11char_traitsIcESaIcEEESt14default_deleteIS5_EEEC2Ev
FN:206,_ZNSt11_Tuple_implILm0EJPNSt7__cxx1112basic_stringIcSt11char_traitsIcESaIcEEESt14default_deleteIS5_EEEC2Ev
FNDA:11,_ZNSt11_Tuple_implILm0EJPNSt7__cxx1112basic_stringIcSt11char_traitsIcESaIcEEESt14default_deleteIS5_EEEC2Ev
FN:216,_ZNSt11_Tuple_implILm0EJPKN7testing8internal11MatcherBaseIRKNSt7__cxx1112basic_stringIcSt11char_traitsIcESaIcEEEEEPKNS1_9EqMatcherIS8_EEEEC2ISD_JSH_EvEEOT_DpOT0_
FNDA:0,_ZNSt11_Tuple_implILm0EJPKN7testing8internal11MatcherBaseIRKNSt7__cxx1112basic_stringIcSt11char_traitsIcESaIcEEEEEPKNS1_9EqMatcherIS8_EEEEC2ISD_JSH_EvEEOT_DpOT0_
FN:216,_ZNSt11_Tuple_implILm0EJPKN7testing8internal11MatcherBaseINSt7__cxx1112basic_stringIcSt11char_traitsIcESaIcEEEEEPKNS1_9EqMatcherIS8_EEEEC2ISB_JSF_EvEEOT_DpOT0_
FNDA:0,_ZNSt11_Tuple_implILm0EJPKN7testing8internal11MatcherBaseINSt7__cxx1112basic_stringIcSt11char_traitsIcESaIcEEEEEPKNS1_9EqMatcherIS8_EEEEC2ISB_JSF_EvEEOT_DpOT0_
FN:334,_ZNSt11_Tuple_implILm0EJRKNSt7__cxx1112basic_stringIcSt11char_traitsIcESaIcEEEEE7_M_headERS8_
FNDA:0,_ZNSt11_Tuple_implILm0EJRKNSt7__cxx1112basic_stringIcSt11char_traitsIcESaIcEEEEE7_M_headERS8_
FN:334,_ZNSt11_Tuple_implILm1EJSt14default_deleteIN7testing8internal16DeathTestFactoryEEEE7_M_headERS5_
FNDA:5,_ZNSt11_Tuple_implILm1EJSt14default_deleteIN7testing8internal16DeathTestFactoryEEEE7_M_headERS5_
FN:334,_ZNSt11_Tuple_implILm1EJSt14default_deleteINSt7__cxx1118basic_stringstreamIcSt11char_traitsIcESaIcEEEEEE7_M_headERS8_
FNDA:0,_ZNSt11_Tuple_implILm1EJSt14default_deleteINSt7__cxx1118basic_stringstreamIcSt11char_traitsIcESaIcEEEEEE7_M_headERS8_
FN:334,_ZNSt11_Tuple_implILm1EJSt14default_deleteIN7testing8internal14GTestFlagSaverEEEE7_M_headERS5_
FNDA:14,_ZNSt11_Tuple_implILm1EJSt14default_deleteIN7testing8internal14GTestFlagSaverEEEE7_M_headERS5_
FN:334,_ZNSt11_Tuple_implILm1EJSt14default_deleteINSt7__cxx1112basic_stringIcSt11char_traitsIcESaIcEEEEEE7_M_headERS8_
FNDA:0,_ZNSt11_Tuple_implILm1EJSt14default_deleteINSt7__cxx1112basic_stringIcSt11char_traitsIcESaIcEEEEEE7_M_headERS8_
FN:334,_ZNSt11_Tuple_implILm1EJSt14default_deleteIN7testing8internal17StreamingListener20AbstractSocketWriterEEEE7_M_headERS6_
FNDA:0,_ZNSt11_Tuple_implILm1EJSt14default_deleteIN7testing8internal17StreamingListener20AbstractSocketWriterEEEE7_M_headERS6_
FN:334,_ZNSt11_Tuple_implILm1EJSt14default_deleteIN7testing8internal11ThreadLocalISt6vectorINS2_9TraceInfoESaIS5_EEE18ValueHolderFactoryEEEE7_M_headERSB_
FNDA:5,_ZNSt11_Tuple_implILm1EJSt14default_deleteIN7testing8internal11ThreadLocalISt6vectorINS2_9TraceInfoESaIS5_EEE18ValueHolderFactoryEEEE7_M_headERSB_
FN:334,_ZNSt11_Tuple_implILm1EJSt14default_deleteIKNSt7__cxx1112basic_stringIcSt11char_traitsIcESaIcEEEEEE7_M_headERS9_
FNDA:0,_ZNSt11_Tuple_implILm1EJSt14default_deleteIKNSt7__cxx1112basic_stringIcSt11char_traitsIcESaIcEEEEEE7_M_headERS9_
FN:334,_ZNSt11_Tuple_implILm1EJSt14default_deleteIN7testing8internal24InternalRunDeathTestFlagEEEE7_M_headERS5_
FNDA:0,_ZNSt11_Tuple_implILm1EJSt14default_deleteIN7testing8internal24InternalRunDeathTestFlagEEEE7_M_headERS5_
FN:334,_ZNSt11_Tuple_implILm1EJSt14default_deleteIN7testing8internal11ThreadLocalIPNS1_31TestPartResultReporterInterfaceEE18ValueHolderFactoryEEEE7_M_headERS9_
FNDA:5,_ZNSt11_Tuple_implILm1EJSt14default_deleteIN7testing8internal11ThreadLocalIPNS1_31TestPartResultReporterInterfaceEE18ValueHolderFactoryEEEE7_M_headERS9_
FN:339,_ZNSt11_Tuple_implILm1EJSt14default_deleteIKNSt7__cxx1112basic_stringIcSt11char_traitsIcESaIcEEEEEEC2Ev
FNDA:38,_ZNSt11_Tuple_implILm1EJSt14default_deleteIKNSt7__cxx1112basic_stringIcSt11char_traitsIcESaIcEEEEEEC2Ev
FN:339,_ZNSt11_Tuple_implILm1EJSt14default_deleteINSt7__cxx1118basic_stringstreamIcSt11char_traitsIcESaIcEEEEEEC2Ev
FNDA:293,_ZNSt11_Tuple_implILm1EJSt14default_deleteINSt7__cxx1118basic_stringstreamIcSt11char_traitsIcESaIcEEEEEEC2Ev
FN:339,_ZNSt11_Tuple_implILm1EJSt14default_deleteIN7testing8internal17StreamingListener20AbstractSocketWriterEEEEC2Ev
FNDA:0,_ZNSt11_Tuple_implILm1EJSt14default_deleteIN7testing8internal17StreamingListener20AbstractSocketWriterEEEEC2Ev
FN:339,_ZNSt11_Tuple_implILm1EJSt14default_deleteIN7testing8internal11ThreadLocalIPNS1_31TestPartResultReporterInterfaceEE18ValueHolderFactoryEEEEC2Ev
FNDA:5,_ZNSt11_Tuple_implILm1EJSt14default_deleteIN7testing8internal11ThreadLocalIPNS1_31TestPartResultReporterInterfaceEE18ValueHolderFactoryEEEEC2Ev
FN:339,_ZNSt11_Tuple_implILm1EJSt14default_deleteIN7testing8internal14GTestFlagSaverEEEEC2Ev
FNDA:14,_ZNSt11_Tuple_implILm1EJSt14default_deleteIN7testing8internal14GTestFlagSaverEEEEC2Ev
FN:339,_ZNSt11_Tuple_implILm1EJSt14default_deleteINSt7__cxx1112basic_stringIcSt11char_traitsIcESaIcEEEEEEC2Ev
FNDA:11,_ZNSt11_Tuple_implILm1EJSt14default_deleteINSt7__cxx1112basic_stringIcSt11char_traitsIcESaIcEEEEEEC2Ev
FN:339,_ZNSt11_Tuple_implILm1EJSt14default_deleteIN7testing8internal24InternalRunDeathTestFlagEEEEC2Ev
FNDA:5,_ZNSt11_Tuple_implILm1EJSt14default_deleteIN7testing8internal24InternalRunDeathTestFlagEEEEC2Ev
FN:339,_ZNSt11_Tuple_implILm1EJSt14default_deleteIN7testing8internal16DeathTestFactoryEEEEC2Ev
FNDA:5,_ZNSt11_Tuple_implILm1EJSt14default_deleteIN7testing8internal16DeathTestFactoryEEEEC2Ev
FN:339,_ZNSt11_Tuple_implILm1EJSt14default_deleteIN7testing8internal11ThreadLocalISt6vectorINS2_9TraceInfoESaIS5_EEE18ValueHolderFactoryEEEEC2Ev
FNDA:5,_ZNSt11_Tuple_implILm1EJSt14default_deleteIN7testing8internal11ThreadLocalISt6vectorINS2_9TraceInfoESaIS5_EEE18ValueHolderFactoryEEEEC2Ev
FN:343,_ZNSt11_Tuple_implILm0EJRKNSt7__cxx1112basic_stringIcSt11char_traitsIcESaIcEEEEEC2ES7_
FNDA:0,_ZNSt11_Tuple_implILm0EJRKNSt7__cxx1112basic_stringIcSt11char_traitsIcESaIcEEEEEC2ES7_
FN:348,_ZNSt11_Tuple_implILm1EJPKN7testing8internal9EqMatcherINSt7__cxx1112basic_stringIcSt11char_traitsIcESaIcEEEEEEEC2ISB_EEOT_
[...]
FN:1155,_ZNKSt10_Select1stISt4pairIKNSt7__cxx1112basic_stringIcSt11char_traitsIcESaIcEEEN7testing8internal12CodeLocationEEEclERKSB_
FNDA:0,_ZNKSt10_Select1stISt4pairIKNSt7__cxx1112basic_stringIcSt11char_traitsIcESaIcEEEN7testing8internal12CodeLocationEEEclERKSB_
DA:355,0
DA:356,0
DA:385,0
DA:386,0
DA:433,0
DA:443,0
DA:582,0
DA:586,0
DA:587,0
DA:600,0
DA:601,0
DA:1135,0
DA:1136,0
DA:1139,0
DA:1140,0
DA:1155,0
DA:1156,0
DA:1155,0
DA:1156,0
DA:1155,0
DA:1156,0
end_of_record
SF:/usr/include/c++/9/bits/unordered_set.h
FN:97,_ZNSt13unordered_setINSt7__cxx1112basic_stringIcSt11char_traitsIcESaIcEEESt4hashIS5_ESt8equal_toIS5_ESaIS5_EEaSEOSB_
FNDA:5,_ZNSt13unordered_setINSt7__cxx1112basic_stringIcSt11char_traitsIcESaIcEEESt4hashIS5_ESt8equal_toIS5_ESaIS5_EEaSEOSB_
FN:135,_ZNSt13unordered_setINSt7__cxx1112basic_stringIcSt11char_traitsIcESaIcEEESt4hashIS5_ESt8equal_toIS5_ESaIS5_EEC2Ev
FNDA:30,_ZNSt13unordered_setINSt7__cxx1112basic_stringIcSt11char_traitsIcESaIcEEESt4hashIS5_ESt8equal_toIS5_ESaIS5_EEC2Ev
FN:320,_ZNSt13unordered_setINSt7__cxx1112basic_stringIcSt11char_traitsIcESaIcEEESt4hashIS5_ESt8equal_toIS5_ESaIS5_EE5beginEv
FNDA:20,_ZNSt13unordered_setINSt7__cxx1112basic_stringIcSt11char_traitsIcESaIcEEESt4hashIS5_ESt8equal_toIS5_ESaIS5_EE5beginEv
FN:454,_ZNSt13unordered_setINSt7__cxx1112basic_stringIcSt11char_traitsIcESaIcEEESt4hashIS5_ESt8equal_toIS5_ESaIS5_EE6insertENSt8__detail20_Node_const_iteratorIS5_Lb1ELb1EEEOS5_
FNDA:0,_ZNSt13unordered_setINSt7__cxx1112basic_stringIcSt11char_traitsIcESaIcEEESt4hashIS5_ESt8equal_toIS5_ESaIS5_EE6insertENSt8__detail20_Node_const_iteratorIS5_Lb1ELb1EEEOS5_
FN:668,_ZNKSt13unordered_setINSt7__cxx1112basic_stringIcSt11char_traitsIcESaIcEEESt4hashIS5_ESt8equal_toIS5_ESaIS5_EE5countERKS5_
FNDA:66,_ZNKSt13unordered_setINSt7__cxx1112basic_stringIcSt11char_traitsIcESaIcEEESt4hashIS5_ESt8equal_toIS5_ESaIS5_EE5countERKS5_
DA:97,5
DA:135,30
DA:320,20
DA:321,20
DA:454,0
DA:455,0
DA:668,66
DA:669,66
end_of_record
SF:/usr/include/c++/9/bits/stl_map.h
FN:183,_ZNSt3mapINSt7__cxx1112basic_stringIcSt11char_traitsIcESaIcEEEmSt4lessIS5_ESaISt4pairIKS5_mEEEC2Ev
FNDA:0,_ZNSt3mapINSt7__cxx1112basic_stringIcSt11char_traitsIcESaIcEEEmSt4lessIS5_ESaISt4pairIKS5_mEEEC2Ev
FN:183,_ZNSt3mapINSt7__cxx1112basic_stringIcSt11char_traitsIcESaIcEEEN7testing8internal34TypeParameterizedTestSuiteRegistry30TypeParameterizedTestSuiteInfoESt4lessIS5_ESaISt4pairIKS5_S9_EEEC2Ev
FNDA:5,_ZNSt3mapINSt7__cxx1112basic_stringIcSt11char_traitsIcESaIcEEEN7testing8internal34TypeParameterizedTestSuiteRegistry30TypeParameterizedTestSuiteInfoESt4lessIS5_ESaISt4pairIKS5_S9_EEEC2Ev
FN:300,_ZNSt3mapINSt7__cxx1112basic_stringIcSt11char_traitsIcESaIcEEEmSt4lessIS5_ESaISt4pairIKS5_mEEED2Ev
FNDA:0,_ZNSt3mapINSt7__cxx1112basic_stringIcSt11char_traitsIcESaIcEEEmSt4lessIS5_ESaISt4pairIKS5_mEEED2Ev
FN:300,_ZNSt3mapINSt7__cxx1112basic_stringIcSt11char_traitsIcESaIcEEEN7testing8internal34TypeParameterizedTestSuiteRegistry30TypeParameterizedTestSuiteInfoESt4lessIS5_ESaISt4pairIKS5_S9_EEED2Ev
FNDA:5,_ZNSt3mapINSt7__cxx1112basic_stringIcSt11char_traitsIcESaIcEEEN7testing8internal34TypeParameterizedTestSuiteRegistry30TypeParameterizedTestSuiteInfoESt4lessIS5_ESaISt4pairIKS5_S9_EEED2Ev
FN:354,_ZNSt3mapINSt7__cxx1112basic_stringIcSt11char_traitsIcESaIcEEEN7testing8internal34TypeParameterizedTestSuiteRegistry30TypeParameterizedTestSuiteInfoESt4lessIS5_ESaISt4pairIKS5_S9_EEE5beginEv
FNDA:5,_ZNSt3mapINSt7__cxx1112basic_stringIcSt11char_traitsIcESaIcEEEN7testing8internal34TypeParameterizedTestSuiteRegistry30TypeParameterizedTestSuiteInfoESt4lessIS5_ESaISt4pairIKS5_S9_EEE5beginEv
FN:354,_ZNSt3mapINSt7__cxx1112basic_stringIcSt11char_traitsIcESaIcEEEN7testing8internal12CodeLocationESt4lessIvESaISt4pairIKS5_S8_EEE5beginEv
FNDA:0,_ZNSt3mapINSt7__cxx1112basic_stringIcSt11char_traitsIcESaIcEEEN7testing8internal12CodeLocationESt4lessIvESaISt4pairIKS5_S8_EEE5beginEv
FN:372,_ZNSt3mapINSt7__cxx1112basic_stringIcSt11char_traitsIcESaIcEEEmSt4lessIS5_ESaISt4pairIKS5_mEEE3endEv
FNDA:0,_ZNSt3mapINSt7__cxx1112basic_stringIcSt11char_traitsIcESaIcEEEmSt4lessIS5_ESaISt4pairIKS5_mEEE3endEv
FN:372,_ZNSt3mapINSt7__cxx1112basic_stringIcSt11char_traitsIcESaIcEEEN7testing8internal34TypeParameterizedTestSuiteRegistry30TypeParameterizedTestSuiteInfoESt4lessIS5_ESaISt4pairIKS5_S9_EEE3endEv
FNDA:5,_ZNSt3mapINSt7__cxx1112basic_stringIcSt11char_traitsIcESaIcEEEN7testing8internal34TypeParameterizedTestSuiteRegistry30TypeParameterizedTestSuiteInfoESt4lessIS5_ESaISt4pairIKS5_S9_EEE3endEv
FN:372,_ZNSt3mapINSt7__cxx1112basic_stringIcSt11char_traitsIcESaIcEEEN7testing8internal12CodeLocationESt4lessIvESaISt4pairIKS5_S8_EEE3endEv
FNDA:0,_ZNSt3mapINSt7__cxx1112basic_stringIcSt11char_traitsIcESaIcEEEN7testing8internal12CodeLocationESt4lessIvESaISt4pairIKS5_S8_EEE3endEv
FN:468,_ZNKSt3mapINSt7__cxx1112basic_stringIcSt11char_traitsIcESaIcEEEmSt4lessIS5_ESaISt4pairIKS5_mEEE4sizeEv
FNDA:0,_ZNKSt3mapINSt7__cxx1112basic_stringIcSt11char_traitsIcESaIcEEEmSt4lessIS5_ESaISt4pairIKS5_mEEE4sizeEv
FN:490,_ZNSt3mapINSt7__cxx1112basic_stringIcSt11char_traitsIcESaIcEEEmSt4lessIS5_ESaISt4pairIKS5_mEEEixERS9_
FNDA:0,_ZNSt3mapINSt7__cxx1112basic_stringIcSt11char_traitsIcESaIcEEEmSt4lessIS5_ESaISt4pairIKS5_mEEEixERS9_
FN:574,_ZNSt3mapINSt7__cxx1112basic_stringIcSt11char_traitsIcESaIcEEEN7testing8internal34TypeParameterizedTestSuiteRegistry30TypeParameterizedTestSuiteInfoESt4lessIS5_ESaISt4pairIKS5_S9_EEE7emplaceIJS5_S9_EEESC_ISt17_Rb_tree_iteratorISE_EbEDpOT_
FNDA:0,_ZNSt3mapINSt7__cxx1112basic_stringIcSt11char_traitsIcESaIcEEEN7testing8internal34TypeParameterizedTestSuiteRegistry30TypeParameterizedTestSuiteInfoESt4lessIS5_ESaISt4pairIKS5_S9_EEE7emplaceIJS5_S9_EEESC_ISt17_Rb_tree_iteratorISE_EbEDpOT_
FN:1141,_ZNKSt3mapINSt7__cxx1112basic_stringIcSt11char_traitsIcESaIcEEEmSt4lessIS5_ESaISt4pairIKS5_mEEE8key_compEv
FNDA:0,_ZNKSt3mapINSt7__cxx1112basic_stringIcSt11char_traitsIcESaIcEEEmSt4lessIS5_ESaISt4pairIKS5_mEEE8key_compEv
FN:1168,_ZNSt3mapINSt7__cxx1112basic_stringIcSt11char_traitsIcESaIcEEEN7testing8internal34TypeParameterizedTestSuiteRegistry30TypeParameterizedTestSuiteInfoESt4lessIS5_ESaISt4pairIKS5_S9_EEE4findERSD_
FNDA:0,_ZNSt3mapINSt7__cxx1112basic_stringIcSt11char_traitsIcESaIcEEEN7testing8internal34TypeParameterizedTestSuiteRegistry30TypeParameterizedTestSuiteInfoESt4lessIS5_ESaISt4pairIKS5_S9_EEE4findERSD_
FN:1168,_ZNSt3mapINSt7__cxx1112basic_stringIcSt11char_traitsIcESaIcEEEmSt4lessIS5_ESaISt4pairIKS5_mEEE4findERS9_
FNDA:0,_ZNSt3mapINSt7__cxx1112basic_stringIcSt11char_traitsIcESaIcEEEmSt4lessIS5_ESaISt4pairIKS5_mEEE4findERS9_
FN:1214,_ZNKSt3mapINSt7__cxx1112basic_stringIcSt11char_traitsIcESaIcEEEN7testing8internal12CodeLocationESt4lessIvESaISt4pairIKS5_S8_EEE5countERSC_
FNDA:0,_ZNKSt3mapINSt7__cxx1112basic_stringIcSt11char_traitsIcESaIcEEEN7testing8internal12CodeLocationESt4lessIvESaISt4pairIKS5_S8_EEE5countERSC_
FN:1257,_ZNSt3mapINSt7__cxx1112basic_stringIcSt11char_traitsIcESaIcEEEmSt4lessIS5_ESaISt4pairIKS5_mEEE11lower_boundERS9_
FNDA:0,_ZNSt3mapINSt7__cxx1112basic_stringIcSt11char_traitsIcESaIcEEEmSt4lessIS5_ESaISt4pairIKS5_mEEE11lower_boundERS9_
DA:183,5
DA:183,0
DA:300,5
DA:300,0
DA:354,5
DA:355,5
DA:354,0
DA:355,0
DA:372,0
DA:373,0
DA:372,5
DA:373,5
DA:372,0
DA:373,0
DA:468,0
DA:469,0
DA:490,0
DA:495,0
DA:497,0
DA:499,0
DA:505,0
DA:574,0
DA:575,0
DA:1141,0
DA:1142,0
DA:1168,0
DA:1169,0
DA:1168,0
DA:1169,0
DA:1214,0
DA:1215,0
DA:1257,0
DA:1258,0
end_of_record
SF:/mnt/c/Users/c.bouchet/Documents/Davey/Example_GoogleTest/googletest-main/googletest/src/gtest-filepath.cc
FN:87,_ZN7testing8internalL15IsPathSeparatorEc
FNDA:285,_ZN7testing8internalL15IsPathSeparatorEc
FN:96,_ZN7testing8internal8FilePath13GetCurrentDirEv
FNDA:5,_ZN7testing8internal8FilePath13GetCurrentDirEv
FN:123,_ZNK7testing8internal8FilePath15RemoveExtensionEPKc
FNDA:0,_ZNK7testing8internal8FilePath15RemoveExtensionEPKc
FN:135,_ZNK7testing8internal8FilePath21FindLastPathSeparatorEv
FNDA:0,_ZNK7testing8internal8FilePath21FindLastPathSeparatorEv
FN:154,_ZNK7testing8internal8FilePath19RemoveDirectoryNameEv
FNDA:0,_ZNK7testing8internal8FilePath19RemoveDirectoryNameEv
FN:165,_ZNK7testing8internal8FilePath14RemoveFileNameEv
FNDA:0,_ZNK7testing8internal8FilePath14RemoveFileNameEv
FN:182,_ZN7testing8internal8FilePath12MakeFileNameERKS1_S3_iPKc
FNDA:0,_ZN7testing8internal8FilePath12MakeFileNameERKS1_S3_iPKc
FN:197,_ZN7testing8internal8FilePath11ConcatPathsERKS1_S3_
FNDA:0,_ZN7testing8internal8FilePath11ConcatPathsERKS1_S3_
FN:206,_ZNK7testing8internal8FilePath21FileOrDirectoryExistsEv
FNDA:0,_ZNK7testing8internal8FilePath21FileOrDirectoryExistsEv
FN:220,_ZNK7testing8internal8FilePath15DirectoryExistsEv
FNDA:0,_ZNK7testing8internal8FilePath15DirectoryExistsEv
FN:250,_ZNK7testing8internal8FilePath15IsRootDirectoryEv
FNDA:0,_ZNK7testing8internal8FilePath15IsRootDirectoryEv
FN:259,_ZNK7testing8internal8FilePath14IsAbsolutePathEv
FNDA:0,_ZNK7testing8internal8FilePath14IsAbsolutePathEv
FN:279,_ZN7testing8internal8FilePath22GenerateUniqueFileNameERKS1_S3_PKc
FNDA:0,_ZN7testing8internal8FilePath22GenerateUniqueFileNameERKS1_S3_PKc
FN:293,_ZNK7testing8internal8FilePath11IsDirectoryEv
FNDA:0,_ZNK7testing8internal8FilePath11IsDirectoryEv
FN:301,_ZNK7testing8internal8FilePath28CreateDirectoriesRecursivelyEv
FNDA:0,_ZNK7testing8internal8FilePath28CreateDirectoriesRecursivelyEv
FN:318,_ZNK7testing8internal8FilePath12CreateFolderEv
FNDA:0,_ZNK7testing8internal8FilePath12CreateFolderEv
FN:342,_ZNK7testing8internal8FilePath27RemoveTrailingPathSeparatorEv
FNDA:0,_ZNK7testing8internal8FilePath27RemoveTrailingPathSeparatorEv
FN:350,_ZN7testing8internal8FilePath9NormalizeEv
FNDA:5,_ZN7testing8internal8FilePath9NormalizeEv
DA:87,285
DA:91,285
DA:96,5
DA:107,5
DA:108,5
DA:115,5
DA:123,0
DA:124,0
DA:125,0
DA:127,0
DA:129,0
DA:135,0
DA:136,0
DA:145,0
DA:154,0
DA:155,0
DA:156,0
DA:165,0
DA:166,0
DA:167,0
DA:168,0
DA:169,0
DA:171,0
DA:173,0
DA:182,0
DA:185,0
DA:186,0
DA:187,0
DA:190,0
DA:192,0
DA:197,0
DA:199,0
DA:200,0
DA:201,0
DA:206,0
DA:213,0
DA:214,0
DA:220,0
DA:221,0
DA:228,0
DA:240,0
DA:241,0
DA:242,0
DA:245,0
DA:250,0
DA:254,0
DA:259,0
DA:260,0
DA:267,0
DA:279,0
DA:282,0
DA:283,0
DA:284,0
DA:285,0
DA:286,0
DA:287,0
DA:293,0
DA:294,0
DA:295,0
DA:301,0
DA:302,0
DA:303,0
DA:306,0
DA:307,0
DA:310,0
DA:311,0
DA:318,0
DA:330,0
DA:333,0
DA:334,0
DA:336,0
DA:342,0
DA:343,0
DA:344,0
DA:350,5
DA:351,5
DA:353,290
DA:354,285
DA:355,250
DA:356,35
DA:357,35
DA:359,0
DA:363,5
DA:364,5
end_of_record
SF:/usr/include/c++/9/bits/ios_base.h
FN:83,_ZStanSt13_Ios_FmtflagsS_
FNDA:0,_ZStanSt13_Ios_FmtflagsS_
FN:87,_ZStorSt13_Ios_FmtflagsS_
FNDA:0,_ZStorSt13_Ios_FmtflagsS_
FN:95,_ZStcoSt13_Ios_Fmtflags
FNDA:0,_ZStcoSt13_Ios_Fmtflags
FN:99,_ZStoRRSt13_Ios_FmtflagsS_
FNDA:0,_ZStoRRSt13_Ios_FmtflagsS_
FN:103,_ZStaNRSt13_Ios_FmtflagsS_
FNDA:0,_ZStaNRSt13_Ios_FmtflagsS_
FN:631,_ZNKSt8ios_base5flagsEv
FNDA:0,_ZNKSt8ios_base5flagsEv
FN:642,_ZNSt8ios_base5flagsESt13_Ios_Fmtflags
FNDA:0,_ZNSt8ios_base5flagsESt13_Ios_Fmtflags
FN:658,_ZNSt8ios_base4setfESt13_Ios_Fmtflags
FNDA:0,_ZNSt8ios_base4setfESt13_Ios_Fmtflags
FN:675,_ZNSt8ios_base4setfESt13_Ios_FmtflagsS0_
FNDA:0,_ZNSt8ios_base4setfESt13_Ios_FmtflagsS0_
FN:970,_ZSt9uppercaseRSt8ios_base
FNDA:0,_ZSt9uppercaseRSt8ios_base
FN:1036,_ZSt3hexRSt8ios_base
FNDA:0,_ZSt3hexRSt8ios_base
DA:83,0
DA:84,0
DA:87,0
DA:88,0
DA:95,0
DA:96,0
DA:99,0
DA:100,0
DA:103,0
DA:104,0
DA:631,0
DA:632,0
DA:642,0
DA:644,0
DA:645,0
DA:646,0
DA:658,0
DA:660,0
DA:661,0
DA:662,0
DA:675,0
DA:677,0
DA:678,0
DA:679,0
DA:680,0
DA:970,0
DA:972,0
DA:973,0
DA:1036,0
DA:1038,0
DA:1039,0
end_of_record
SF:/usr/include/c++/9/bits/stl_iterator_base_funcs.h
FN:98,_ZSt10__distanceIPcENSt15iterator_traitsIT_E15difference_typeES2_S2_St26random_access_iterator_tag
FNDA:0,_ZSt10__distanceIPcENSt15iterator_traitsIT_E15difference_typeES2_S2_St26random_access_iterator_tag
FN:98,_ZSt10__distanceIPKwENSt15iterator_traitsIT_E15difference_typeES3_S3_St26random_access_iterator_tag
FNDA:0,_ZSt10__distanceIPKwENSt15iterator_traitsIT_E15difference_typeES3_S3_St26random_access_iterator_tag
FN:98,_ZSt10__distanceIPKcENSt15iterator_traitsIT_E15difference_typeES3_S3_St26random_access_iterator_tag
FNDA:230,_ZSt10__distanceIPKcENSt15iterator_traitsIT_E15difference_typeES3_S3_St26random_access_iterator_tag
FN:98,_ZSt10__distanceIPKPKcENSt15iterator_traitsIT_E15difference_typeES5_S5_St26random_access_iterator_tag
FNDA:0,_ZSt10__distanceIPKPKcENSt15iterator_traitsIT_E15difference_typeES5_S5_St26random_access_iterator_tag
FN:98,_ZSt10__distanceIN9__gnu_cxx17__normal_iteratorIPNSt7__cxx1112basic_stringIcSt11char_traitsIcESaIcEEESt6vectorIS7_SaIS7_EEEEENSt15iterator_traitsIT_E15difference_typeESE_SE_St26random_access_iterator_tag
FNDA:20,_ZSt10__distanceIN9__gnu_cxx17__normal_iteratorIPNSt7__cxx1112basic_stringIcSt11char_traitsIcESaIcEEESt6vectorIS7_SaIS7_EEEEENSt15iterator_traitsIT_E15difference_typeESE_SE_St26random_access_iterator_tag
FN:98,_ZSt10__distanceIN9__gnu_cxx17__normal_iteratorIPKcNSt7__cxx1112basic_stringIcSt11char_traitsIcESaIcEEEEEENSt15iterator_traitsIT_E15difference_typeESC_SC_St26random_access_iterator_tag
FNDA:14,_ZSt10__distanceIN9__gnu_cxx17__normal_iteratorIPKcNSt7__cxx1112basic_stringIcSt11char_traitsIcESaIcEEEEEENSt15iterator_traitsIT_E15difference_typeESC_SC_St26random_access_iterator_tag
FN:98,_ZSt10__distanceIN9__gnu_cxx17__normal_iteratorIPKNSt7__cxx1112basic_stringIcSt11char_traitsIcESaIcEEESt6vectorIS7_SaIS7_EEEEENSt15iterator_traitsIT_E15difference_typeESF_SF_St26random_access_iterator_tag
FNDA:0,_ZSt10__distanceIN9__gnu_cxx17__normal_iteratorIPKNSt7__cxx1112basic_stringIcSt11char_traitsIcESaIcEEESt6vectorIS7_SaIS7_EEEEENSt15iterator_traitsIT_E15difference_typeESF_SF_St26random_access_iterator_tag
FN:138,_ZSt8distanceIPKcENSt15iterator_traitsIT_E15difference_typeES3_S3_
FNDA:230,_ZSt8distanceIPKcENSt15iterator_traitsIT_E15difference_typeES3_S3_
FN:138,_ZSt8distanceIN9__gnu_cxx17__normal_iteratorIPNSt7__cxx1112basic_stringIcSt11char_traitsIcESaIcEEESt6vectorIS7_SaIS7_EEEEENSt15iterator_traitsIT_E15difference_typeESE_SE_
FNDA:20,_ZSt8distanceIN9__gnu_cxx17__normal_iteratorIPNSt7__cxx1112basic_stringIcSt11char_traitsIcESaIcEEESt6vectorIS7_SaIS7_EEEEENSt15iterator_traitsIT_E15difference_typeESE_SE_
FN:138,_ZSt8distanceIN9__gnu_cxx17__normal_iteratorIPKNSt7__cxx1112basic_stringIcSt11char_traitsIcESaIcEEESt6vectorIS7_SaIS7_EEEEENSt15iterator_traitsIT_E15difference_typeESF_SF_
FNDA:0,_ZSt8distanceIN9__gnu_cxx17__normal_iteratorIPKNSt7__cxx1112basic_stringIcSt11char_traitsIcESaIcEEESt6vectorIS7_SaIS7_EEEEENSt15iterator_traitsIT_E15difference_typeESF_SF_
FN:138,_ZSt8distanceIPKPKcENSt15iterator_traitsIT_E15difference_typeES5_S5_
FNDA:0,_ZSt8distanceIPKPKcENSt15iterator_traitsIT_E15difference_typeES5_S5_
FN:138,_ZSt8distanceIPKwENSt15iterator_traitsIT_E15difference_typeES3_S3_
FNDA:0,_ZSt8distanceIPKwENSt15iterator_traitsIT_E15difference_typeES3_S3_
FN:138,_ZSt8distanceIPcENSt15iterator_traitsIT_E15difference_typeES2_S2_
FNDA:0,_ZSt8distanceIPcENSt15iterator_traitsIT_E15difference_typeES2_S2_
FN:138,_ZSt8distanceIN9__gnu_cxx17__normal_iteratorIPKcNSt7__cxx1112basic_stringIcSt11char_traitsIcESaIcEEEEEENSt15iterator_traitsIT_E15difference_typeESC_SC_
FNDA:14,_ZSt8distanceIN9__gnu_cxx17__normal_iteratorIPKcNSt7__cxx1112basic_stringIcSt11char_traitsIcESaIcEEEEEENSt15iterator_traitsIT_E15difference_typeESC_SC_
FN:174,_ZSt9__advanceIN9__gnu_cxx17__normal_iteratorIPcNSt7__cxx1112basic_stringIcSt11char_traitsIcESaIcEEEEElEvRT_T0_St26random_access_iterator_tag
FNDA:30,_ZSt9__advanceIN9__gnu_cxx17__normal_iteratorIPcNSt7__cxx1112basic_stringIcSt11char_traitsIcESaIcEEEEElEvRT_T0_St26random_access_iterator_tag
FN:202,_ZSt7advanceIN9__gnu_cxx17__normal_iteratorIPcNSt7__cxx1112basic_stringIcSt11char_traitsIcESaIcEEEEElEvRT_T0_
FNDA:30,_ZSt7advanceIN9__gnu_cxx17__normal_iteratorIPcNSt7__cxx1112basic_stringIcSt11char_traitsIcESaIcEEEEElEvRT_T0_
FN:224,_ZSt4prevIN9__gnu_cxx17__normal_iteratorIPcNSt7__cxx1112basic_stringIcSt11char_traitsIcESaIcEEEEEET_SA_NSt15iterator_traitsISA_E15difference_typeE
FNDA:30,_ZSt4prevIN9__gnu_cxx17__normal_iteratorIPcNSt7__cxx1112basic_stringIcSt11char_traitsIcESaIcEEEEEET_SA_NSt15iterator_traitsISA_E15difference_typeE
DA:98,14
DA:104,14
DA:98,0
DA:104,0
DA:98,0
DA:104,0
DA:98,230
DA:104,230
DA:98,0
DA:104,0
DA:98,0
DA:104,0
DA:98,20
DA:104,20
DA:138,14
DA:141,14
DA:142,28
DA:138,0
DA:141,0
DA:142,0
DA:138,0
DA:141,0
DA:142,0
DA:138,230
DA:141,230
DA:142,460
DA:138,0
DA:141,0
DA:142,0
DA:138,0
DA:141,0
DA:142,0
DA:138,20
DA:141,20
DA:142,40
DA:174,30
DA:185,30
DA:186,30
DA:202,30
DA:205,30
DA:206,30
DA:207,30
DA:224,30
DA:230,30
DA:231,30
end_of_record
SF:/mnt/c/Users/c.bouchet/Documents/Davey/Example_GoogleTest/googletest-main/googletest/include/gtest/gtest-printers.h
FN:554,_ZN7testing8internal7PrintToERKNSt7__cxx1112basic_stringIcSt11char_traitsIcESaIcEEEPSo
FNDA:0,_ZN7testing8internal7PrintToERKNSt7__cxx1112basic_stringIcSt11char_traitsIcESaIcEEEPSo
FN:581,_ZN7testing8internal7PrintToERKNSt7__cxx1112basic_stringIwSt11char_traitsIwESaIwEEEPSo
FNDA:0,_ZN7testing8internal7PrintToERKNSt7__cxx1112basic_stringIwSt11char_traitsIwESaIwEEEPSo
FN:693,_ZN7testing8internal16UniversalPrinterINSt7__cxx1112basic_stringIwSt11char_traitsIwESaIwEEEE5PrintERKS7_PSo
FNDA:0,_ZN7testing8internal16UniversalPrinterINSt7__cxx1112basic_stringIwSt11char_traitsIwESaIwEEEE5PrintERKS7_PSo
FN:693,_ZN7testing8internal16UniversalPrinterINSt7__cxx1112basic_stringIcSt11char_traitsIcESaIcEEEE5PrintERKS7_PSo
FNDA:0,_ZN7testing8internal16UniversalPrinterINSt7__cxx1112basic_stringIcSt11char_traitsIcESaIcEEEE5PrintERKS7_PSo
FN:904,_ZN7testing8internal21UniversalTersePrinterIPKcE5PrintES3_PSo
FNDA:0,_ZN7testing8internal21UniversalTersePrinterIPKcE5PrintES3_PSo
FN:967,_ZN7testing8internal21UniversalTersePrinterIPKwE5PrintES3_PSo
FNDA:0,_ZN7testing8internal21UniversalTersePrinterIPKwE5PrintES3_PSo
FN:995,_ZN7testing8internal14UniversalPrintINSt7__cxx1112basic_stringIwSt11char_traitsIwESaIwEEEEEvRKT_PSo
FNDA:0,_ZN7testing8internal14UniversalPrintINSt7__cxx1112basic_stringIwSt11char_traitsIwESaIwEEEEEvRKT_PSo
FN:995,_ZN7testing8internal14UniversalPrintINSt7__cxx1112basic_stringIcSt11char_traitsIcESaIcEEEEEvRKT_PSo
FNDA:0,_ZN7testing8internal14UniversalPrintINSt7__cxx1112basic_stringIcSt11char_traitsIcESaIcEEEEEvRKT_PSo
FN:1035,_ZN7testing13PrintToStringIPKwEENSt7__cxx1112basic_stringIcSt11char_traitsIcESaIcEEERKT_
FNDA:0,_ZN7testing13PrintToStringIPKwEENSt7__cxx1112basic_stringIcSt11char_traitsIcESaIcEEERKT_
FN:1035,_ZN7testing13PrintToStringIPKcEENSt7__cxx1112basic_stringIcSt11char_traitsIcESaIcEEERKT_
FNDA:0,_ZN7testing13PrintToStringIPKcEENSt7__cxx1112basic_stringIcSt11char_traitsIcESaIcEEERKT_
DA:554,0
DA:555,0
DA:556,0
DA:581,0
DA:582,0
DA:583,0
DA:693,0
DA:702,0
DA:703,0
DA:693,0
DA:702,0
DA:703,0
DA:904,0
DA:905,0
DA:906,0
DA:908,0
DA:910,0
DA:967,0
DA:968,0
DA:969,0
DA:971,0
DA:973,0
DA:995,0
DA:999,0
DA:1000,0
DA:995,0
DA:999,0
DA:1000,0
DA:1035,0
DA:1036,0
DA:1037,0
DA:1038,0
DA:1035,0
DA:1036,0
DA:1037,0
DA:1038,0
end_of_record
SF:/usr/include/c++/9/bits/allocated_ptr.h
FN:52,_ZNSt15__allocated_ptrISaISt10_List_nodeISt4pairIcPKcEEEEC2ERS6_PS5_
FNDA:0,_ZNSt15__allocated_ptrISaISt10_List_nodeISt4pairIcPKcEEEEC2ERS6_PS5_
FN:70,_ZNSt15__allocated_ptrISaISt10_List_nodeISt4pairIcPKcEEEED2Ev
FNDA:0,_ZNSt15__allocated_ptrISaISt10_List_nodeISt4pairIcPKcEEEED2Ev
FN:78,_ZNSt15__allocated_ptrISaISt10_List_nodeISt4pairIcPKcEEEEaSEDn
FNDA:0,_ZNSt15__allocated_ptrISaISt10_List_nodeISt4pairIcPKcEEEEaSEDn
DA:52,0
DA:53,0
DA:54,0
DA:70,0
DA:72,0
DA:73,0
DA:74,0
DA:78,0
DA:80,0
DA:81,0
end_of_record
TN:
SF:/mnt/c/Users/c.bouchet/Documents/Davey/Example_GoogleTest/googletest-main/googletest/include/gtest/gtest.h
FN:2304,_Z13RUN_ALL_TESTSv
FNDA:5,_Z13RUN_ALL_TESTSv
DA:2304,5
end_of_record
SF:/mnt/c/Users/c.bouchet/Documents/Davey/Example_GoogleTest/googletest-main/googletest/src/gtest_main.cc
FN:60,main
FNDA:5,main
DA:60,5
DA:61,5
DA:62,5
DA:63,5
end_of_record
SF:/usr/include/c++/9/iostream
end_of_record
